
*** Running vivado
    with args -log top_level.vds -m64 -product Vivado -mode batch -messageDb vivado.pb -notrace -source top_level.tcl


****** Vivado v2017.3 (64-bit)
  **** SW Build 2018833 on Wed Oct  4 19:58:22 MDT 2017
  **** IP Build 2016188 on Wed Oct  4 21:52:56 MDT 2017
    ** Copyright 1986-2017 Xilinx, Inc. All Rights Reserved.

source top_level.tcl -notrace
Command: synth_design -top top_level -part xc7a35tcpg236-1
Starting synth_design
Attempting to get a license for feature 'Synthesis' and/or device 'xc7a35t'
INFO: [Common 17-349] Got license for feature 'Synthesis' and/or device 'xc7a35t'
INFO: Launching helper process for spawning children vivado processes
INFO: Helper process launched with PID 4264 
---------------------------------------------------------------------------------
Starting RTL Elaboration : Time (s): cpu = 00:00:18 ; elapsed = 00:00:19 . Memory (MB): peak = 354.969 ; gain = 97.027
---------------------------------------------------------------------------------
INFO: [Synth 8-638] synthesizing module 'top_level' [C:/Users/Jerzy/Desktop/projekt_verilog/projekt_uec2/uec2_projekt/src/build/PROJEKT_UEC2.srcs/sources_1/imports/ov7670_fr/top_level.v:2]
INFO: [Synth 8-638] synthesizing module 'clocking' [C:/Users/Jerzy/Desktop/projekt_verilog/projekt_uec2/uec2_projekt/src/build/PROJEKT_UEC2.srcs/sources_1/imports/basys3_ov7670/clocking.v:71]
INFO: [Synth 8-638] synthesizing module 'clocking_clk_wiz' [C:/Users/Jerzy/Desktop/projekt_verilog/projekt_uec2/uec2_projekt/src/build/PROJEKT_UEC2.srcs/sources_1/imports/basys3_ov7670/clocking_clk_wiz.v:69]
INFO: [Synth 8-638] synthesizing module 'IBUF' [C:/Xilinx/Vivado/2017.3/scripts/rt/data/unisim_comp.v:19468]
	Parameter CAPACITANCE bound to: DONT_CARE - type: string 
	Parameter IBUF_DELAY_VALUE bound to: 0 - type: string 
	Parameter IBUF_LOW_PWR bound to: TRUE - type: string 
	Parameter IFD_DELAY_VALUE bound to: AUTO - type: string 
	Parameter IOSTANDARD bound to: DEFAULT - type: string 
INFO: [Synth 8-256] done synthesizing module 'IBUF' (1#1) [C:/Xilinx/Vivado/2017.3/scripts/rt/data/unisim_comp.v:19468]
INFO: [Synth 8-638] synthesizing module 'MMCME2_ADV' [C:/Xilinx/Vivado/2017.3/scripts/rt/data/unisim_comp.v:25757]
	Parameter BANDWIDTH bound to: OPTIMIZED - type: string 
	Parameter CLKFBOUT_MULT_F bound to: 10.000000 - type: float 
	Parameter CLKFBOUT_PHASE bound to: 0.000000 - type: float 
	Parameter CLKFBOUT_USE_FINE_PS bound to: FALSE - type: string 
	Parameter CLKIN1_PERIOD bound to: 10.000000 - type: float 
	Parameter CLKIN2_PERIOD bound to: 0.000000 - type: float 
	Parameter CLKOUT0_DIVIDE_F bound to: 20.000000 - type: float 
	Parameter CLKOUT0_DUTY_CYCLE bound to: 0.500000 - type: float 
	Parameter CLKOUT0_PHASE bound to: 0.000000 - type: float 
	Parameter CLKOUT0_USE_FINE_PS bound to: FALSE - type: string 
	Parameter CLKOUT1_DIVIDE bound to: 40 - type: integer 
	Parameter CLKOUT1_DUTY_CYCLE bound to: 0.500000 - type: float 
	Parameter CLKOUT1_PHASE bound to: 0.000000 - type: float 
	Parameter CLKOUT1_USE_FINE_PS bound to: FALSE - type: string 
	Parameter CLKOUT2_DIVIDE bound to: 1 - type: integer 
	Parameter CLKOUT2_DUTY_CYCLE bound to: 0.500000 - type: float 
	Parameter CLKOUT2_PHASE bound to: 0.000000 - type: float 
	Parameter CLKOUT2_USE_FINE_PS bound to: FALSE - type: string 
	Parameter CLKOUT3_DIVIDE bound to: 1 - type: integer 
	Parameter CLKOUT3_DUTY_CYCLE bound to: 0.500000 - type: float 
	Parameter CLKOUT3_PHASE bound to: 0.000000 - type: float 
	Parameter CLKOUT3_USE_FINE_PS bound to: FALSE - type: string 
	Parameter CLKOUT4_CASCADE bound to: FALSE - type: string 
	Parameter CLKOUT4_DIVIDE bound to: 1 - type: integer 
	Parameter CLKOUT4_DUTY_CYCLE bound to: 0.500000 - type: float 
	Parameter CLKOUT4_PHASE bound to: 0.000000 - type: float 
	Parameter CLKOUT4_USE_FINE_PS bound to: FALSE - type: string 
	Parameter CLKOUT5_DIVIDE bound to: 1 - type: integer 
	Parameter CLKOUT5_DUTY_CYCLE bound to: 0.500000 - type: float 
	Parameter CLKOUT5_PHASE bound to: 0.000000 - type: float 
	Parameter CLKOUT5_USE_FINE_PS bound to: FALSE - type: string 
	Parameter CLKOUT6_DIVIDE bound to: 1 - type: integer 
	Parameter CLKOUT6_DUTY_CYCLE bound to: 0.500000 - type: float 
	Parameter CLKOUT6_PHASE bound to: 0.000000 - type: float 
	Parameter CLKOUT6_USE_FINE_PS bound to: FALSE - type: string 
	Parameter COMPENSATION bound to: ZHOLD - type: string 
	Parameter DIVCLK_DIVIDE bound to: 1 - type: integer 
	Parameter IS_CLKINSEL_INVERTED bound to: 1'b0 
	Parameter IS_PSEN_INVERTED bound to: 1'b0 
	Parameter IS_PSINCDEC_INVERTED bound to: 1'b0 
	Parameter IS_PWRDWN_INVERTED bound to: 1'b0 
	Parameter IS_RST_INVERTED bound to: 1'b0 
	Parameter REF_JITTER1 bound to: 0.010000 - type: float 
	Parameter REF_JITTER2 bound to: 0.010000 - type: float 
	Parameter SS_EN bound to: FALSE - type: string 
	Parameter SS_MODE bound to: CENTER_HIGH - type: string 
	Parameter SS_MOD_PERIOD bound to: 10000 - type: integer 
	Parameter STARTUP_WAIT bound to: FALSE - type: string 
INFO: [Synth 8-256] done synthesizing module 'MMCME2_ADV' (2#1) [C:/Xilinx/Vivado/2017.3/scripts/rt/data/unisim_comp.v:25757]
INFO: [Synth 8-638] synthesizing module 'BUFG' [C:/Xilinx/Vivado/2017.3/scripts/rt/data/unisim_comp.v:607]
INFO: [Synth 8-256] done synthesizing module 'BUFG' (3#1) [C:/Xilinx/Vivado/2017.3/scripts/rt/data/unisim_comp.v:607]
INFO: [Synth 8-256] done synthesizing module 'clocking_clk_wiz' (4#1) [C:/Users/Jerzy/Desktop/projekt_verilog/projekt_uec2/uec2_projekt/src/build/PROJEKT_UEC2.srcs/sources_1/imports/basys3_ov7670/clocking_clk_wiz.v:69]
INFO: [Synth 8-256] done synthesizing module 'clocking' (5#1) [C:/Users/Jerzy/Desktop/projekt_verilog/projekt_uec2/uec2_projekt/src/build/PROJEKT_UEC2.srcs/sources_1/imports/basys3_ov7670/clocking.v:71]
INFO: [Synth 8-638] synthesizing module 'resetlocked' [C:/Users/Jerzy/Desktop/projekt_verilog/projekt_uec2/uec2_projekt/src/rtl/ov7670_fr/resetlocked.v:7]
INFO: [Synth 8-256] done synthesizing module 'resetlocked' (6#1) [C:/Users/Jerzy/Desktop/projekt_verilog/projekt_uec2/uec2_projekt/src/rtl/ov7670_fr/resetlocked.v:7]
INFO: [Synth 8-638] synthesizing module 'VGA' [C:/Users/Jerzy/Desktop/projekt_verilog/projekt_uec2/uec2_projekt/src/build/PROJEKT_UEC2.srcs/sources_1/imports/ov7670_fr/vga.v:4]
	Parameter HM bound to: 799 - type: integer 
	Parameter HD bound to: 640 - type: integer 
	Parameter HF bound to: 16 - type: integer 
	Parameter HB bound to: 48 - type: integer 
	Parameter HR bound to: 96 - type: integer 
	Parameter VM bound to: 524 - type: integer 
	Parameter VD bound to: 480 - type: integer 
	Parameter VF bound to: 10 - type: integer 
	Parameter VB bound to: 33 - type: integer 
	Parameter VR bound to: 2 - type: integer 
INFO: [Synth 8-256] done synthesizing module 'VGA' (7#1) [C:/Users/Jerzy/Desktop/projekt_verilog/projekt_uec2/uec2_projekt/src/build/PROJEKT_UEC2.srcs/sources_1/imports/ov7670_fr/vga.v:4]
INFO: [Synth 8-638] synthesizing module 'debounce' [C:/Users/Jerzy/Desktop/projekt_verilog/projekt_uec2/uec2_projekt/src/build/PROJEKT_UEC2.srcs/sources_1/imports/ov7670_fr/debounce.v:4]
INFO: [Synth 8-256] done synthesizing module 'debounce' (8#1) [C:/Users/Jerzy/Desktop/projekt_verilog/projekt_uec2/uec2_projekt/src/build/PROJEKT_UEC2.srcs/sources_1/imports/ov7670_fr/debounce.v:4]
INFO: [Synth 8-638] synthesizing module 'ov7670_controller' [C:/Users/Jerzy/Desktop/projekt_verilog/projekt_uec2/uec2_projekt/src/build/PROJEKT_UEC2.srcs/sources_1/imports/ov7670_fr/ov7670_controller.v:1]
	Parameter camera_address bound to: 8'b01000010 
INFO: [Synth 8-638] synthesizing module 'i2c_sender' [C:/Users/Jerzy/Desktop/projekt_verilog/projekt_uec2/uec2_projekt/src/build/PROJEKT_UEC2.srcs/sources_1/imports/basys3_ov7670/i2c_sender.v:2]
INFO: [Synth 8-256] done synthesizing module 'i2c_sender' (9#1) [C:/Users/Jerzy/Desktop/projekt_verilog/projekt_uec2/uec2_projekt/src/build/PROJEKT_UEC2.srcs/sources_1/imports/basys3_ov7670/i2c_sender.v:2]
INFO: [Synth 8-638] synthesizing module 'ov7670_registers' [C:/Users/Jerzy/Desktop/projekt_verilog/projekt_uec2/uec2_projekt/src/build/PROJEKT_UEC2.srcs/sources_1/imports/basys3_ov7670/ov7670_registers.v:1]
INFO: [Synth 8-256] done synthesizing module 'ov7670_registers' (10#1) [C:/Users/Jerzy/Desktop/projekt_verilog/projekt_uec2/uec2_projekt/src/build/PROJEKT_UEC2.srcs/sources_1/imports/basys3_ov7670/ov7670_registers.v:1]
WARNING: [Synth 8-3848] Net siod_xhdl0 in module/entity ov7670_controller does not have driver. [C:/Users/Jerzy/Desktop/projekt_verilog/projekt_uec2/uec2_projekt/src/build/PROJEKT_UEC2.srcs/sources_1/imports/ov7670_fr/ov7670_controller.v:11]
INFO: [Synth 8-256] done synthesizing module 'ov7670_controller' (11#1) [C:/Users/Jerzy/Desktop/projekt_verilog/projekt_uec2/uec2_projekt/src/build/PROJEKT_UEC2.srcs/sources_1/imports/ov7670_fr/ov7670_controller.v:1]
INFO: [Synth 8-638] synthesizing module 'frame_buffer' [C:/Users/Jerzy/Desktop/projekt_verilog/projekt_uec2/uec2_projekt/src/build/PROJEKT_UEC2.runs/synth_1/.Xil/Vivado-11748-Tiger/realtime/frame_buffer_stub.v:6]
INFO: [Synth 8-256] done synthesizing module 'frame_buffer' (12#1) [C:/Users/Jerzy/Desktop/projekt_verilog/projekt_uec2/uec2_projekt/src/build/PROJEKT_UEC2.runs/synth_1/.Xil/Vivado-11748-Tiger/realtime/frame_buffer_stub.v:6]
INFO: [Synth 8-638] synthesizing module 'ov7670_capture' [C:/Users/Jerzy/Desktop/projekt_verilog/projekt_uec2/uec2_projekt/src/build/PROJEKT_UEC2.srcs/sources_1/imports/ov7670_fr/ov7670_capture.v:3]
WARNING: [Synth 8-6014] Unused sequential element line_reg was removed.  [C:/Users/Jerzy/Desktop/projekt_verilog/projekt_uec2/uec2_projekt/src/build/PROJEKT_UEC2.srcs/sources_1/imports/ov7670_fr/ov7670_capture.v:63]
WARNING: [Synth 8-6014] Unused sequential element href_hold_reg was removed.  [C:/Users/Jerzy/Desktop/projekt_verilog/projekt_uec2/uec2_projekt/src/build/PROJEKT_UEC2.srcs/sources_1/imports/ov7670_fr/ov7670_capture.v:64]
INFO: [Synth 8-256] done synthesizing module 'ov7670_capture' (13#1) [C:/Users/Jerzy/Desktop/projekt_verilog/projekt_uec2/uec2_projekt/src/build/PROJEKT_UEC2.srcs/sources_1/imports/ov7670_fr/ov7670_capture.v:3]
INFO: [Synth 8-638] synthesizing module 'RGB' [C:/Users/Jerzy/Desktop/projekt_verilog/projekt_uec2/uec2_projekt/src/build/PROJEKT_UEC2.srcs/sources_1/imports/ov7670_fr/RGB.v:16]
INFO: [Synth 8-256] done synthesizing module 'RGB' (14#1) [C:/Users/Jerzy/Desktop/projekt_verilog/projekt_uec2/uec2_projekt/src/build/PROJEKT_UEC2.srcs/sources_1/imports/ov7670_fr/RGB.v:16]
INFO: [Synth 8-638] synthesizing module 'Address_Generator' [C:/Users/Jerzy/Desktop/projekt_verilog/projekt_uec2/uec2_projekt/src/build/PROJEKT_UEC2.srcs/sources_1/imports/ov7670_fr/address_Generator.v:4]
INFO: [Synth 8-4471] merging register 'address_reg[18:0]' into 'val_reg[18:0]' [C:/Users/Jerzy/Desktop/projekt_verilog/projekt_uec2/uec2_projekt/src/build/PROJEKT_UEC2.srcs/sources_1/imports/ov7670_fr/address_Generator.v:39]
WARNING: [Synth 8-6014] Unused sequential element address_reg was removed.  [C:/Users/Jerzy/Desktop/projekt_verilog/projekt_uec2/uec2_projekt/src/build/PROJEKT_UEC2.srcs/sources_1/imports/ov7670_fr/address_Generator.v:39]
INFO: [Synth 8-256] done synthesizing module 'Address_Generator' (15#1) [C:/Users/Jerzy/Desktop/projekt_verilog/projekt_uec2/uec2_projekt/src/build/PROJEKT_UEC2.srcs/sources_1/imports/ov7670_fr/address_Generator.v:4]
INFO: [Synth 8-638] synthesizing module 'filtering' [C:/Users/Jerzy/Desktop/projekt_verilog/projekt_uec2/uec2_projekt/src/rtl/filtering/filtering.v:22]
WARNING: [Synth 8-6014] Unused sequential element gray_reg was removed.  [C:/Users/Jerzy/Desktop/projekt_verilog/projekt_uec2/uec2_projekt/src/rtl/filtering/filtering.v:138]
WARNING: [Synth 8-6014] Unused sequential element left_reg was removed.  [C:/Users/Jerzy/Desktop/projekt_verilog/projekt_uec2/uec2_projekt/src/rtl/filtering/filtering.v:139]
WARNING: [Synth 8-6014] Unused sequential element right_reg was removed.  [C:/Users/Jerzy/Desktop/projekt_verilog/projekt_uec2/uec2_projekt/src/rtl/filtering/filtering.v:140]
WARNING: [Synth 8-6014] Unused sequential element up_reg was removed.  [C:/Users/Jerzy/Desktop/projekt_verilog/projekt_uec2/uec2_projekt/src/rtl/filtering/filtering.v:142]
WARNING: [Synth 8-6014] Unused sequential element down_reg was removed.  [C:/Users/Jerzy/Desktop/projekt_verilog/projekt_uec2/uec2_projekt/src/rtl/filtering/filtering.v:143]
WARNING: [Synth 8-6014] Unused sequential element leftup_reg was removed.  [C:/Users/Jerzy/Desktop/projekt_verilog/projekt_uec2/uec2_projekt/src/rtl/filtering/filtering.v:144]
WARNING: [Synth 8-6014] Unused sequential element leftdown_reg was removed.  [C:/Users/Jerzy/Desktop/projekt_verilog/projekt_uec2/uec2_projekt/src/rtl/filtering/filtering.v:145]
WARNING: [Synth 8-6014] Unused sequential element rightup_reg was removed.  [C:/Users/Jerzy/Desktop/projekt_verilog/projekt_uec2/uec2_projekt/src/rtl/filtering/filtering.v:146]
WARNING: [Synth 8-6014] Unused sequential element rightdown_reg was removed.  [C:/Users/Jerzy/Desktop/projekt_verilog/projekt_uec2/uec2_projekt/src/rtl/filtering/filtering.v:147]
WARNING: [Synth 8-6014] Unused sequential element tblue_reg was removed.  [C:/Users/Jerzy/Desktop/projekt_verilog/projekt_uec2/uec2_projekt/src/rtl/filtering/filtering.v:148]
WARNING: [Synth 8-6014] Unused sequential element tgreen_reg was removed.  [C:/Users/Jerzy/Desktop/projekt_verilog/projekt_uec2/uec2_projekt/src/rtl/filtering/filtering.v:149]
WARNING: [Synth 8-6014] Unused sequential element tred_reg was removed.  [C:/Users/Jerzy/Desktop/projekt_verilog/projekt_uec2/uec2_projekt/src/rtl/filtering/filtering.v:150]
WARNING: [Synth 8-6014] Unused sequential element red_o_reg was removed.  [C:/Users/Jerzy/Desktop/projekt_verilog/projekt_uec2/uec2_projekt/src/rtl/filtering/filtering.v:166]
WARNING: [Synth 8-6014] Unused sequential element green_o_reg was removed.  [C:/Users/Jerzy/Desktop/projekt_verilog/projekt_uec2/uec2_projekt/src/rtl/filtering/filtering.v:167]
WARNING: [Synth 8-6014] Unused sequential element blue_o_reg was removed.  [C:/Users/Jerzy/Desktop/projekt_verilog/projekt_uec2/uec2_projekt/src/rtl/filtering/filtering.v:168]
WARNING: [Synth 8-6014] Unused sequential element r_reg was removed.  [C:/Users/Jerzy/Desktop/projekt_verilog/projekt_uec2/uec2_projekt/src/rtl/filtering/filtering.v:187]
WARNING: [Synth 8-6014] Unused sequential element g_reg was removed.  [C:/Users/Jerzy/Desktop/projekt_verilog/projekt_uec2/uec2_projekt/src/rtl/filtering/filtering.v:188]
WARNING: [Synth 8-6014] Unused sequential element b_reg was removed.  [C:/Users/Jerzy/Desktop/projekt_verilog/projekt_uec2/uec2_projekt/src/rtl/filtering/filtering.v:189]
WARNING: [Synth 8-6014] Unused sequential element addra_reg was removed.  [C:/Users/Jerzy/Desktop/projekt_verilog/projekt_uec2/uec2_projekt/src/rtl/filtering/filtering.v:565]
WARNING: [Synth 8-3848] Net out2 in module/entity filtering does not have driver. [C:/Users/Jerzy/Desktop/projekt_verilog/projekt_uec2/uec2_projekt/src/rtl/filtering/filtering.v:75]
INFO: [Synth 8-256] done synthesizing module 'filtering' (16#1) [C:/Users/Jerzy/Desktop/projekt_verilog/projekt_uec2/uec2_projekt/src/rtl/filtering/filtering.v:22]
INFO: [Synth 8-638] synthesizing module 'draw_rect_char' [C:/Users/Jerzy/Desktop/projekt_verilog/projekt_uec2/uec2_projekt/src/rtl/filtering/draw_rect_char.v:13]
	Parameter rect_x bound to: 200 - type: integer 
	Parameter rect_width bound to: 240 - type: integer 
	Parameter rect_y bound to: 400 - type: integer 
	Parameter rect_height bound to: 32 - type: integer 
INFO: [Synth 8-638] synthesizing module 'delay' [C:/Users/Jerzy/Desktop/projekt_verilog/projekt_uec2/uec2_projekt/src/rtl/filtering/delay.v:3]
	Parameter WIDTH bound to: 38 - type: integer 
	Parameter CLK_DEL bound to: 2 - type: integer 
INFO: [Synth 8-256] done synthesizing module 'delay' (17#1) [C:/Users/Jerzy/Desktop/projekt_verilog/projekt_uec2/uec2_projekt/src/rtl/filtering/delay.v:3]
INFO: [Synth 8-256] done synthesizing module 'draw_rect_char' (18#1) [C:/Users/Jerzy/Desktop/projekt_verilog/projekt_uec2/uec2_projekt/src/rtl/filtering/draw_rect_char.v:13]
INFO: [Synth 8-638] synthesizing module 'font_rom' [C:/Users/Jerzy/Desktop/projekt_verilog/projekt_uec2/uec2_projekt/src/rtl/filtering/font_rom.v:9]
INFO: [Synth 8-256] done synthesizing module 'font_rom' (19#1) [C:/Users/Jerzy/Desktop/projekt_verilog/projekt_uec2/uec2_projekt/src/rtl/filtering/font_rom.v:9]
INFO: [Synth 8-638] synthesizing module 'char_rom' [C:/Users/Jerzy/Desktop/projekt_verilog/projekt_uec2/uec2_projekt/src/rtl/filtering/char_rom.v:13]
	Parameter string_length bound to: 30 - type: integer 
INFO: [Synth 8-256] done synthesizing module 'char_rom' (20#1) [C:/Users/Jerzy/Desktop/projekt_verilog/projekt_uec2/uec2_projekt/src/rtl/filtering/char_rom.v:13]
WARNING: [Synth 8-3848] Net ov7670_siod_xhdl0 in module/entity top_level does not have driver. [C:/Users/Jerzy/Desktop/projekt_verilog/projekt_uec2/uec2_projekt/src/build/PROJEKT_UEC2.srcs/sources_1/imports/ov7670_fr/top_level.v:32]
WARNING: [Synth 8-3848] Net rez_160x120 in module/entity top_level does not have driver. [C:/Users/Jerzy/Desktop/projekt_verilog/projekt_uec2/uec2_projekt/src/build/PROJEKT_UEC2.srcs/sources_1/imports/ov7670_fr/top_level.v:25]
WARNING: [Synth 8-3848] Net rez_320x240 in module/entity top_level does not have driver. [C:/Users/Jerzy/Desktop/projekt_verilog/projekt_uec2/uec2_projekt/src/build/PROJEKT_UEC2.srcs/sources_1/imports/ov7670_fr/top_level.v:25]
WARNING: [Synth 8-3848] Net size_select in module/entity top_level does not have driver. [C:/Users/Jerzy/Desktop/projekt_verilog/projekt_uec2/uec2_projekt/src/build/PROJEKT_UEC2.srcs/sources_1/imports/ov7670_fr/top_level.v:31]
INFO: [Synth 8-256] done synthesizing module 'top_level' (21#1) [C:/Users/Jerzy/Desktop/projekt_verilog/projekt_uec2/uec2_projekt/src/build/PROJEKT_UEC2.srcs/sources_1/imports/ov7670_fr/top_level.v:2]
---------------------------------------------------------------------------------
Finished RTL Elaboration : Time (s): cpu = 00:00:22 ; elapsed = 00:00:23 . Memory (MB): peak = 401.059 ; gain = 143.117
---------------------------------------------------------------------------------

Report Check Netlist: 
+------+------------------+-------+---------+-------+------------------+
|      |Item              |Errors |Warnings |Status |Description       |
+------+------------------+-------+---------+-------+------------------+
|1     |multi_driven_nets |      0|        0|Passed |Multi driven nets |
+------+------------------+-------+---------+-------+------------------+
WARNING: [Synth 8-3295] tying undriven pin my_VGA:rez_160x120 to constant 0 [C:/Users/Jerzy/Desktop/projekt_verilog/projekt_uec2/uec2_projekt/src/build/PROJEKT_UEC2.srcs/sources_1/imports/ov7670_fr/top_level.v:60]
WARNING: [Synth 8-3295] tying undriven pin my_VGA:rez_320x240 to constant 0 [C:/Users/Jerzy/Desktop/projekt_verilog/projekt_uec2/uec2_projekt/src/build/PROJEKT_UEC2.srcs/sources_1/imports/ov7670_fr/top_level.v:60]
---------------------------------------------------------------------------------
Finished RTL Optimization Phase 1 : Time (s): cpu = 00:00:23 ; elapsed = 00:00:24 . Memory (MB): peak = 401.059 ; gain = 143.117
---------------------------------------------------------------------------------
INFO: [Netlist 29-17] Analyzing 2 Unisim elements for replacement
INFO: [Netlist 29-28] Unisim Transformation completed in 0 CPU seconds
INFO: [Device 21-403] Loading part xc7a35tcpg236-1
INFO: [Project 1-570] Preparing netlist for logic optimization

Processing XDC Constraints
Initializing timing engine
Parsing XDC File [C:/Users/Jerzy/Desktop/projekt_verilog/projekt_uec2/uec2_projekt/src/build/PROJEKT_UEC2.runs/synth_1/.Xil/Vivado-11748-Tiger/dcp3/frame_buffer_in_context.xdc] for cell 'my_frame_buffer'
Finished Parsing XDC File [C:/Users/Jerzy/Desktop/projekt_verilog/projekt_uec2/uec2_projekt/src/build/PROJEKT_UEC2.runs/synth_1/.Xil/Vivado-11748-Tiger/dcp3/frame_buffer_in_context.xdc] for cell 'my_frame_buffer'
Parsing XDC File [C:/Users/Jerzy/Desktop/projekt_verilog/projekt_uec2/uec2_projekt/src/constraints/project_constraints.xdc]
WARNING: [Vivado 12-507] No nets matched 'ov7670_pclk_IBUF'. [C:/Users/Jerzy/Desktop/projekt_verilog/projekt_uec2/uec2_projekt/src/constraints/project_constraints.xdc:108]
Finished Parsing XDC File [C:/Users/Jerzy/Desktop/projekt_verilog/projekt_uec2/uec2_projekt/src/constraints/project_constraints.xdc]
WARNING: [Project 1-498] One or more constraints failed evaluation while reading constraint file [C:/Users/Jerzy/Desktop/projekt_verilog/projekt_uec2/uec2_projekt/src/constraints/project_constraints.xdc] and the design contains unresolved black boxes. These constraints will be read post-synthesis (as long as their source constraint file is marked as used_in_implementation) and should be applied correctly then. You should review the constraints listed in the file [.Xil/top_level_propImpl.xdc] and check the run log file to verify that these constraints were correctly applied.
INFO: [Project 1-236] Implementation specific constraints were found while reading constraint file [C:/Users/Jerzy/Desktop/projekt_verilog/projekt_uec2/uec2_projekt/src/constraints/project_constraints.xdc]. These constraints will be ignored for synthesis but will be used in implementation. Impacted constraints are listed in the file [.Xil/top_level_propImpl.xdc].
Resolution: To avoid this warning, move constraints listed in [.Xil/top_level_propImpl.xdc] to another XDC file and exclude this new file from synthesis with the used_in_synthesis property (File Properties dialog in GUI) and re-run elaboration/synthesis.
INFO: [Timing 38-2] Deriving generated clocks
Completed Processing XDC Constraints

INFO: [Project 1-111] Unisim Transformation Summary:
No Unisim elements were transformed.

Constraint Validation Runtime : Time (s): cpu = 00:00:00 ; elapsed = 00:00:00.016 . Memory (MB): peak = 713.133 ; gain = 0.000
---------------------------------------------------------------------------------
Finished Constraint Validation : Time (s): cpu = 00:00:59 ; elapsed = 00:01:03 . Memory (MB): peak = 713.133 ; gain = 455.191
---------------------------------------------------------------------------------
---------------------------------------------------------------------------------
Start Loading Part and Timing Information
---------------------------------------------------------------------------------
Loading part: xc7a35tcpg236-1
---------------------------------------------------------------------------------
Finished Loading Part and Timing Information : Time (s): cpu = 00:00:59 ; elapsed = 00:01:03 . Memory (MB): peak = 713.133 ; gain = 455.191
---------------------------------------------------------------------------------
---------------------------------------------------------------------------------
Start Applying 'set_property' XDC Constraints
---------------------------------------------------------------------------------
Applied set_property DONT_TOUCH = true for my_frame_buffer. (constraint file  auto generated constraint, line ).
---------------------------------------------------------------------------------
Finished applying 'set_property' XDC Constraints : Time (s): cpu = 00:00:59 ; elapsed = 00:01:03 . Memory (MB): peak = 713.133 ; gain = 455.191
---------------------------------------------------------------------------------
INFO: [Synth 8-5546] ROM "Vcnt" won't be mapped to RAM because it is too sparse
INFO: [Synth 8-5546] ROM "activeArea" won't be mapped to RAM because it is too sparse
INFO: [Synth 8-5546] ROM "activeArea" won't be mapped to RAM because it is too sparse
INFO: [Synth 8-5546] ROM "activeArea" won't be mapped to RAM because it is too sparse
INFO: [Synth 8-5544] ROM "Vcnt" won't be mapped to Block RAM because address size (1) smaller than threshold (5)
INFO: [Synth 8-5546] ROM "activeArea" won't be mapped to RAM because it is too sparse
INFO: [Synth 8-5546] ROM "activeArea" won't be mapped to RAM because it is too sparse
INFO: [Synth 8-5546] ROM "activeArea" won't be mapped to RAM because it is too sparse
INFO: [Synth 8-5546] ROM "o" won't be mapped to RAM because it is too sparse
INFO: [Synth 8-5546] ROM "taken" won't be mapped to RAM because it is too sparse
INFO: [Synth 8-5546] ROM "data_sr" won't be mapped to RAM because it is too sparse
INFO: [Synth 8-5546] ROM "divider" won't be mapped to RAM because it is too sparse
WARNING: [Synth 8-6014] Unused sequential element divider_reg was removed.  [C:/Users/Jerzy/Desktop/projekt_verilog/projekt_uec2/uec2_projekt/src/build/PROJEKT_UEC2.srcs/sources_1/imports/basys3_ov7670/i2c_sender.v:46]
INFO: [Synth 8-5546] ROM "finished" won't be mapped to RAM because it is too sparse
WARNING: [Synth 8-6040] Register 0®ƒþ driving address of a ROM cannot be packed in BRAM/URAM because of presence of initial value.
WARNING: [Synth 8-6014] Unused sequential element sreg_reg was removed.  [C:/Users/Jerzy/Desktop/projekt_verilog/projekt_uec2/uec2_projekt/src/build/PROJEKT_UEC2.srcs/sources_1/imports/basys3_ov7670/ov7670_registers.v:19]
WARNING: [Synth 8-6014] Unused sequential element address_reg was removed.  [C:/Users/Jerzy/Desktop/projekt_verilog/projekt_uec2/uec2_projekt/src/build/PROJEKT_UEC2.srcs/sources_1/imports/basys3_ov7670/ov7670_registers.v:26]
WARNING: [Synth 8-6014] Unused sequential element address_reg was removed.  [C:/Users/Jerzy/Desktop/projekt_verilog/projekt_uec2/uec2_projekt/src/build/PROJEKT_UEC2.srcs/sources_1/imports/ov7670_fr/ov7670_capture.v:36]
WARNING: [Synth 8-6014] Unused sequential element val_reg was removed.  [C:/Users/Jerzy/Desktop/projekt_verilog/projekt_uec2/uec2_projekt/src/build/PROJEKT_UEC2.srcs/sources_1/imports/ov7670_fr/address_Generator.v:38]
INFO: [Synth 8-41] '+' operator could not be merged with '+' operator due to loss of accuracy [C:/Users/Jerzy/Desktop/projekt_verilog/projekt_uec2/uec2_projekt/src/rtl/filtering/filtering.v:166]
DSP Debug: swapped A/B pins for adder 000001A9F8907330
WARNING: [Synth 8-6014] Unused sequential element hc_reg was removed.  [C:/Users/Jerzy/Desktop/projekt_verilog/projekt_uec2/uec2_projekt/src/rtl/filtering/filtering.v:104]
WARNING: [Synth 8-6014] Unused sequential element vc_reg was removed.  [C:/Users/Jerzy/Desktop/projekt_verilog/projekt_uec2/uec2_projekt/src/rtl/filtering/filtering.v:112]
WARNING: [Synth 8-6014] Unused sequential element char_line_pixels_reg was removed.  [C:/Users/Jerzy/Desktop/projekt_verilog/projekt_uec2/uec2_projekt/src/rtl/filtering/font_rom.v:22]
---------------------------------------------------------------------------------
Finished RTL Optimization Phase 2 : Time (s): cpu = 00:01:05 ; elapsed = 00:01:09 . Memory (MB): peak = 713.133 ; gain = 455.191
---------------------------------------------------------------------------------

Report RTL Partitions: 
+-+--------------+------------+----------+
| |RTL Partition |Replication |Instances |
+-+--------------+------------+----------+
+-+--------------+------------+----------+
---------------------------------------------------------------------------------
Start RTL Component Statistics 
---------------------------------------------------------------------------------
Detailed RTL Component Info : 
+---Adders : 
	   4 Input     32 Bit       Adders := 1     
	   3 Input     32 Bit       Adders := 2     
	   2 Input     32 Bit       Adders := 2     
	   2 Input     24 Bit       Adders := 1     
	   2 Input     17 Bit       Adders := 1     
	   3 Input     16 Bit       Adders := 2     
	   2 Input     16 Bit       Adders := 3     
	   2 Input     12 Bit       Adders := 1     
	   5 Input     11 Bit       Adders := 1     
	   2 Input     11 Bit       Adders := 2     
	   2 Input     10 Bit       Adders := 4     
	   3 Input     10 Bit       Adders := 1     
	   2 Input      9 Bit       Adders := 6     
	   2 Input      8 Bit       Adders := 4     
	   6 Input      8 Bit       Adders := 1     
+---Registers : 
	               38 Bit    Registers := 2     
	               32 Bit    Registers := 2     
	               24 Bit    Registers := 1     
	               16 Bit    Registers := 2     
	               12 Bit    Registers := 1     
	               11 Bit    Registers := 4     
	               10 Bit    Registers := 2     
	                8 Bit    Registers := 4     
	                7 Bit    Registers := 1     
	                5 Bit    Registers := 1     
	                4 Bit    Registers := 4     
	                3 Bit    Registers := 1     
	                1 Bit    Registers := 17    
+---ROMs : 
	                              ROMs := 2     
+---Muxes : 
	   2 Input    239 Bit        Muxes := 1     
	   8 Input    239 Bit        Muxes := 1     
	   2 Input     32 Bit        Muxes := 2     
	   2 Input     17 Bit        Muxes := 1     
	   2 Input     16 Bit        Muxes := 3     
	   2 Input     12 Bit        Muxes := 1     
	   2 Input     10 Bit        Muxes := 2     
	   2 Input      8 Bit        Muxes := 17    
	   2 Input      7 Bit        Muxes := 1     
	   2 Input      4 Bit        Muxes := 27    
	   7 Input      2 Bit        Muxes := 1     
	   2 Input      1 Bit        Muxes := 10    
	   3 Input      1 Bit        Muxes := 3     
	   4 Input      1 Bit        Muxes := 4     
---------------------------------------------------------------------------------
Finished RTL Component Statistics 
---------------------------------------------------------------------------------
---------------------------------------------------------------------------------
Start RTL Hierarchical Component Statistics 
---------------------------------------------------------------------------------
Hierarchical RTL Component report 
Module top_level 
Detailed RTL Component Info : 
+---Muxes : 
	   2 Input     17 Bit        Muxes := 1     
Module resetlocked 
Detailed RTL Component Info : 
+---Registers : 
	                4 Bit    Registers := 1     
Module VGA 
Detailed RTL Component Info : 
+---Adders : 
	   2 Input     10 Bit       Adders := 2     
+---Registers : 
	               10 Bit    Registers := 2     
	                1 Bit    Registers := 3     
+---Muxes : 
	   2 Input     10 Bit        Muxes := 2     
	   2 Input      1 Bit        Muxes := 4     
	   3 Input      1 Bit        Muxes := 2     
	   4 Input      1 Bit        Muxes := 1     
Module debounce 
Detailed RTL Component Info : 
+---Adders : 
	   2 Input     24 Bit       Adders := 1     
+---Registers : 
	               24 Bit    Registers := 1     
	                1 Bit    Registers := 1     
+---Muxes : 
	   2 Input      1 Bit        Muxes := 1     
Module i2c_sender 
Detailed RTL Component Info : 
+---Adders : 
	   2 Input      8 Bit       Adders := 2     
+---Registers : 
	               32 Bit    Registers := 2     
	                8 Bit    Registers := 1     
	                1 Bit    Registers := 2     
+---Muxes : 
	   2 Input     32 Bit        Muxes := 2     
	   2 Input      8 Bit        Muxes := 2     
	   7 Input      2 Bit        Muxes := 1     
	   2 Input      1 Bit        Muxes := 3     
	   3 Input      1 Bit        Muxes := 1     
	   4 Input      1 Bit        Muxes := 3     
Module ov7670_registers 
Detailed RTL Component Info : 
+---Adders : 
	   2 Input      8 Bit       Adders := 2     
+---Registers : 
	               16 Bit    Registers := 1     
	                8 Bit    Registers := 2     
+---ROMs : 
	                              ROMs := 1     
+---Muxes : 
	   2 Input      1 Bit        Muxes := 1     
Module ov7670_controller 
Detailed RTL Component Info : 
+---Registers : 
	                1 Bit    Registers := 1     
Module ov7670_capture 
Detailed RTL Component Info : 
+---Registers : 
	               16 Bit    Registers := 1     
	                7 Bit    Registers := 1     
	                1 Bit    Registers := 1     
+---Muxes : 
	   2 Input      7 Bit        Muxes := 1     
Module RGB 
Detailed RTL Component Info : 
+---Muxes : 
	   2 Input      8 Bit        Muxes := 3     
Module Address_Generator 
Detailed RTL Component Info : 
+---Muxes : 
	   2 Input      1 Bit        Muxes := 1     
Module filtering 
Detailed RTL Component Info : 
+---Adders : 
	   4 Input     32 Bit       Adders := 1     
	   3 Input     32 Bit       Adders := 2     
	   2 Input     17 Bit       Adders := 1     
	   3 Input     16 Bit       Adders := 2     
	   2 Input     16 Bit       Adders := 3     
	   2 Input     12 Bit       Adders := 1     
	   5 Input     11 Bit       Adders := 1     
	   2 Input     11 Bit       Adders := 2     
	   3 Input     10 Bit       Adders := 1     
	   2 Input     10 Bit       Adders := 2     
	   2 Input      9 Bit       Adders := 6     
	   6 Input      8 Bit       Adders := 1     
+---Registers : 
	               11 Bit    Registers := 2     
	                4 Bit    Registers := 3     
	                1 Bit    Registers := 5     
+---Muxes : 
	   2 Input     16 Bit        Muxes := 3     
	   2 Input      8 Bit        Muxes := 12    
	   2 Input      4 Bit        Muxes := 27    
Module delay 
Detailed RTL Component Info : 
+---Registers : 
	               38 Bit    Registers := 2     
Module draw_rect_char 
Detailed RTL Component Info : 
+---Adders : 
	   2 Input     32 Bit       Adders := 2     
+---Registers : 
	               12 Bit    Registers := 1     
	               11 Bit    Registers := 2     
	                5 Bit    Registers := 1     
	                3 Bit    Registers := 1     
	                1 Bit    Registers := 4     
+---Muxes : 
	   2 Input     12 Bit        Muxes := 1     
Module font_rom 
Detailed RTL Component Info : 
+---Registers : 
	                8 Bit    Registers := 1     
+---ROMs : 
	                              ROMs := 1     
Module char_rom 
Detailed RTL Component Info : 
+---Muxes : 
	   2 Input    239 Bit        Muxes := 1     
	   8 Input    239 Bit        Muxes := 1     
---------------------------------------------------------------------------------
Finished RTL Hierarchical Component Statistics
---------------------------------------------------------------------------------
---------------------------------------------------------------------------------
Start Part Resource Summary
---------------------------------------------------------------------------------
Part Resources:
DSPs: 90 (col length:60)
BRAMs: 100 (col length: RAMB18 60 RAMB36 30)
---------------------------------------------------------------------------------
Finished Part Resource Summary
---------------------------------------------------------------------------------
---------------------------------------------------------------------------------
Start Cross Boundary and Area Optimization
---------------------------------------------------------------------------------
INFO: [Synth 8-5546] ROM "activeArea" won't be mapped to RAM because it is too sparse
WARNING: [Synth 8-6014] Unused sequential element Hcnt_reg was removed.  [C:/Users/Jerzy/Desktop/projekt_verilog/projekt_uec2/uec2_projekt/src/build/PROJEKT_UEC2.srcs/sources_1/imports/ov7670_fr/vga.v:42]
WARNING: [Synth 8-6014] Unused sequential element Vcnt_reg was removed.  [C:/Users/Jerzy/Desktop/projekt_verilog/projekt_uec2/uec2_projekt/src/build/PROJEKT_UEC2.srcs/sources_1/imports/ov7670_fr/vga.v:43]
INFO: [Synth 8-5546] ROM "o" won't be mapped to RAM because it is too sparse
INFO: [Synth 8-5546] ROM "Inst_i2c_sender/divider" won't be mapped to RAM because it is too sparse
INFO: [Synth 8-5546] ROM "Inst_i2c_sender/taken" won't be mapped to RAM because it is too sparse
INFO: [Synth 8-5546] ROM "Inst_ov7670_registers/finished" won't be mapped to RAM because it is too sparse
WARNING: [Synth 8-6040] Register 0®ƒþ driving address of a ROM cannot be packed in BRAM/URAM because of presence of initial value.
WARNING: [Synth 8-6014] Unused sequential element Inst_ov7670_registers/sreg_reg was removed.  [C:/Users/Jerzy/Desktop/projekt_verilog/projekt_uec2/uec2_projekt/src/build/PROJEKT_UEC2.srcs/sources_1/imports/basys3_ov7670/ov7670_registers.v:19]
WARNING: [Synth 8-6014] Unused sequential element Inst_i2c_sender/divider_reg was removed.  [C:/Users/Jerzy/Desktop/projekt_verilog/projekt_uec2/uec2_projekt/src/build/PROJEKT_UEC2.srcs/sources_1/imports/basys3_ov7670/i2c_sender.v:46]
WARNING: [Synth 8-6014] Unused sequential element Inst_ov7670_registers/address_reg was removed.  [C:/Users/Jerzy/Desktop/projekt_verilog/projekt_uec2/uec2_projekt/src/build/PROJEKT_UEC2.srcs/sources_1/imports/basys3_ov7670/ov7670_registers.v:26]
WARNING: [Synth 8-6014] Unused sequential element hc_reg was removed.  [C:/Users/Jerzy/Desktop/projekt_verilog/projekt_uec2/uec2_projekt/src/rtl/filtering/filtering.v:104]
WARNING: [Synth 8-6014] Unused sequential element vc_reg was removed.  [C:/Users/Jerzy/Desktop/projekt_verilog/projekt_uec2/uec2_projekt/src/rtl/filtering/filtering.v:112]
WARNING: [Synth 8-6014] Unused sequential element my_font_rom/char_line_pixels_reg was removed.  [C:/Users/Jerzy/Desktop/projekt_verilog/projekt_uec2/uec2_projekt/src/rtl/filtering/font_rom.v:22]
WARNING: [Synth 8-6014] Unused sequential element my_ov7670_capture/address_reg was removed.  [C:/Users/Jerzy/Desktop/projekt_verilog/projekt_uec2/uec2_projekt/src/build/PROJEKT_UEC2.srcs/sources_1/imports/ov7670_fr/ov7670_capture.v:36]
WARNING: [Synth 8-6014] Unused sequential element my_Address_Generator/val_reg was removed.  [C:/Users/Jerzy/Desktop/projekt_verilog/projekt_uec2/uec2_projekt/src/build/PROJEKT_UEC2.srcs/sources_1/imports/ov7670_fr/address_Generator.v:38]
INFO: [Synth 8-3333] propagating constant 1 across sequential element (my_ov7670_controller/\Inst_i2c_sender/data_sr_reg[0] )
WARNING: [Synth 8-3332] Sequential element (Inst_i2c_sender/data_sr_reg[0]) is unused and will be removed from module ov7670_controller.
WARNING: [Synth 8-3332] Sequential element (hblank_reg) is unused and will be removed from module filtering.
WARNING: [Synth 8-3332] Sequential element (vblank_reg) is unused and will be removed from module filtering.
WARNING: [Synth 8-3332] Sequential element (hsync_reg) is unused and will be removed from module filtering.
WARNING: [Synth 8-3332] Sequential element (vsync_reg) is unused and will be removed from module filtering.
WARNING: [Synth 8-3332] Sequential element (my_delay/del_mem_reg[0][19]) is unused and will be removed from module draw_rect_char.
WARNING: [Synth 8-3332] Sequential element (my_delay/del_mem_reg[0][18]) is unused and will be removed from module draw_rect_char.
WARNING: [Synth 8-3332] Sequential element (my_delay/del_mem_reg[0][17]) is unused and will be removed from module draw_rect_char.
WARNING: [Synth 8-3332] Sequential element (my_delay/del_mem_reg[0][16]) is unused and will be removed from module draw_rect_char.
WARNING: [Synth 8-3332] Sequential element (my_delay/del_mem_reg[0][15]) is unused and will be removed from module draw_rect_char.
WARNING: [Synth 8-3332] Sequential element (my_delay/del_mem_reg[0][14]) is unused and will be removed from module draw_rect_char.
WARNING: [Synth 8-3332] Sequential element (my_delay/del_mem_reg[0][13]) is unused and will be removed from module draw_rect_char.
WARNING: [Synth 8-3332] Sequential element (my_delay/del_mem_reg[0][12]) is unused and will be removed from module draw_rect_char.
WARNING: [Synth 8-3332] Sequential element (my_delay/delay_stage[1].del_mem_reg[1][19]) is unused and will be removed from module draw_rect_char.
WARNING: [Synth 8-3332] Sequential element (my_delay/delay_stage[1].del_mem_reg[1][18]) is unused and will be removed from module draw_rect_char.
WARNING: [Synth 8-3332] Sequential element (my_delay/delay_stage[1].del_mem_reg[1][17]) is unused and will be removed from module draw_rect_char.
WARNING: [Synth 8-3332] Sequential element (my_delay/delay_stage[1].del_mem_reg[1][16]) is unused and will be removed from module draw_rect_char.
WARNING: [Synth 8-3332] Sequential element (my_delay/delay_stage[1].del_mem_reg[1][15]) is unused and will be removed from module draw_rect_char.
WARNING: [Synth 8-3332] Sequential element (my_delay/delay_stage[1].del_mem_reg[1][14]) is unused and will be removed from module draw_rect_char.
WARNING: [Synth 8-3332] Sequential element (my_delay/delay_stage[1].del_mem_reg[1][13]) is unused and will be removed from module draw_rect_char.
WARNING: [Synth 8-3332] Sequential element (my_delay/delay_stage[1].del_mem_reg[1][12]) is unused and will be removed from module draw_rect_char.
WARNING: [Synth 8-3332] Sequential element (vsync_out_reg) is unused and will be removed from module draw_rect_char.
WARNING: [Synth 8-3332] Sequential element (vblnk_out_reg) is unused and will be removed from module draw_rect_char.
WARNING: [Synth 8-3332] Sequential element (hsync_out_reg) is unused and will be removed from module draw_rect_char.
WARNING: [Synth 8-3332] Sequential element (hblnk_out_reg) is unused and will be removed from module draw_rect_char.
WARNING: [Synth 8-3332] Sequential element (hcount_out_reg[10]) is unused and will be removed from module draw_rect_char.
WARNING: [Synth 8-3332] Sequential element (hcount_out_reg[9]) is unused and will be removed from module draw_rect_char.
WARNING: [Synth 8-3332] Sequential element (hcount_out_reg[8]) is unused and will be removed from module draw_rect_char.
WARNING: [Synth 8-3332] Sequential element (hcount_out_reg[7]) is unused and will be removed from module draw_rect_char.
WARNING: [Synth 8-3332] Sequential element (hcount_out_reg[6]) is unused and will be removed from module draw_rect_char.
WARNING: [Synth 8-3332] Sequential element (hcount_out_reg[5]) is unused and will be removed from module draw_rect_char.
WARNING: [Synth 8-3332] Sequential element (hcount_out_reg[4]) is unused and will be removed from module draw_rect_char.
WARNING: [Synth 8-3332] Sequential element (hcount_out_reg[3]) is unused and will be removed from module draw_rect_char.
WARNING: [Synth 8-3332] Sequential element (hcount_out_reg[2]) is unused and will be removed from module draw_rect_char.
WARNING: [Synth 8-3332] Sequential element (hcount_out_reg[1]) is unused and will be removed from module draw_rect_char.
WARNING: [Synth 8-3332] Sequential element (hcount_out_reg[0]) is unused and will be removed from module draw_rect_char.
WARNING: [Synth 8-3332] Sequential element (vcount_out_reg[10]) is unused and will be removed from module draw_rect_char.
WARNING: [Synth 8-3332] Sequential element (vcount_out_reg[9]) is unused and will be removed from module draw_rect_char.
WARNING: [Synth 8-3332] Sequential element (vcount_out_reg[8]) is unused and will be removed from module draw_rect_char.
WARNING: [Synth 8-3332] Sequential element (vcount_out_reg[7]) is unused and will be removed from module draw_rect_char.
WARNING: [Synth 8-3332] Sequential element (vcount_out_reg[6]) is unused and will be removed from module draw_rect_char.
WARNING: [Synth 8-3332] Sequential element (vcount_out_reg[5]) is unused and will be removed from module draw_rect_char.
WARNING: [Synth 8-3332] Sequential element (vcount_out_reg[4]) is unused and will be removed from module draw_rect_char.
WARNING: [Synth 8-3332] Sequential element (vcount_out_reg[3]) is unused and will be removed from module draw_rect_char.
WARNING: [Synth 8-3332] Sequential element (vcount_out_reg[2]) is unused and will be removed from module draw_rect_char.
WARNING: [Synth 8-3332] Sequential element (vcount_out_reg[1]) is unused and will be removed from module draw_rect_char.
WARNING: [Synth 8-3332] Sequential element (vcount_out_reg[0]) is unused and will be removed from module draw_rect_char.
WARNING: [Synth 8-3332] Sequential element (char_y_reg[2]) is unused and will be removed from module draw_rect_char.
WARNING: [Synth 8-3332] Sequential element (char_y_reg[1]) is unused and will be removed from module draw_rect_char.
WARNING: [Synth 8-3332] Sequential element (char_y_reg[0]) is unused and will be removed from module draw_rect_char.
WARNING: [Synth 8-3332] Sequential element (my_ov7670_capture/href_last_reg[6]) is unused and will be removed from module top_level.
WARNING: [Synth 8-3332] Sequential element (my_ov7670_capture/href_last_reg[5]) is unused and will be removed from module top_level.
WARNING: [Synth 8-3332] Sequential element (my_ov7670_capture/href_last_reg[4]) is unused and will be removed from module top_level.
WARNING: [Synth 8-3332] Sequential element (my_ov7670_capture/href_last_reg[3]) is unused and will be removed from module top_level.
WARNING: [Synth 8-3332] Sequential element (my_ov7670_capture/href_last_reg[2]) is unused and will be removed from module top_level.
WARNING: [Synth 8-3332] Sequential element (my_ov7670_capture/href_last_reg[1]) is unused and will be removed from module top_level.
WARNING: [Synth 8-3332] Sequential element (my_ov7670_capture/d_latch_reg[11]) is unused and will be removed from module top_level.
---------------------------------------------------------------------------------
Finished Cross Boundary and Area Optimization : Time (s): cpu = 00:01:19 ; elapsed = 00:01:23 . Memory (MB): peak = 713.133 ; gain = 455.191
---------------------------------------------------------------------------------
---------------------------------------------------------------------------------
Start ROM, RAM, DSP and Shift Register Reporting
---------------------------------------------------------------------------------

ROM:
+------------------+----------------------------------+---------------+----------------+
|Module Name       | RTL Object                       | Depth x Width | Implemented As | 
+------------------+----------------------------------+---------------+----------------+
|ov7670_registers  | sreg_reg                         | 256x16        | Block RAM      | 
|font_rom          | char_line_pixels_reg             | 2048x8        | Block RAM      | 
|ov7670_controller | Inst_ov7670_registers/sreg_reg   | 256x16        | Block RAM      | 
|top_level         | my_font_rom/char_line_pixels_reg | 2048x8        | Block RAM      | 
+------------------+----------------------------------+---------------+----------------+

---------------------------------------------------------------------------------
Finished ROM, RAM, DSP and Shift Register Reporting
---------------------------------------------------------------------------------

Report RTL Partitions: 
+-+--------------+------------+----------+
| |RTL Partition |Replication |Instances |
+-+--------------+------------+----------+
+-+--------------+------------+----------+
---------------------------------------------------------------------------------
Start Applying XDC Timing Constraints
---------------------------------------------------------------------------------
---------------------------------------------------------------------------------
Finished Applying XDC Timing Constraints : Time (s): cpu = 00:01:49 ; elapsed = 00:01:53 . Memory (MB): peak = 713.133 ; gain = 455.191
---------------------------------------------------------------------------------
---------------------------------------------------------------------------------
Start Timing Optimization
---------------------------------------------------------------------------------
---------------------------------------------------------------------------------
Finished Timing Optimization : Time (s): cpu = 00:01:50 ; elapsed = 00:01:54 . Memory (MB): peak = 713.133 ; gain = 455.191
---------------------------------------------------------------------------------

Report RTL Partitions: 
+-+--------------+------------+----------+
| |RTL Partition |Replication |Instances |
+-+--------------+------------+----------+
+-+--------------+------------+----------+
---------------------------------------------------------------------------------
Start Technology Mapping
---------------------------------------------------------------------------------
INFO: [Synth 8-4480] The timing for the instance my_ov7670_controller/Inst_ov7670_registers/sreg_reg (implemented as a block RAM) might be sub-optimal as no optional output register could be merged into the block ram. Providing additional output register may help in improving timing.
INFO: [Synth 8-4480] The timing for the instance my_font_rom/char_line_pixels_reg (implemented as a block RAM) might be sub-optimal as no optional output register could be merged into the block ram. Providing additional output register may help in improving timing.
---------------------------------------------------------------------------------
Finished Technology Mapping : Time (s): cpu = 00:01:51 ; elapsed = 00:01:55 . Memory (MB): peak = 713.133 ; gain = 455.191
---------------------------------------------------------------------------------

Report RTL Partitions: 
+-+--------------+------------+----------+
| |RTL Partition |Replication |Instances |
+-+--------------+------------+----------+
+-+--------------+------------+----------+
---------------------------------------------------------------------------------
Start IO Insertion
---------------------------------------------------------------------------------
---------------------------------------------------------------------------------
Start Flattening Before IO Insertion
---------------------------------------------------------------------------------
---------------------------------------------------------------------------------
Finished Flattening Before IO Insertion
---------------------------------------------------------------------------------
---------------------------------------------------------------------------------
Start Final Netlist Cleanup
---------------------------------------------------------------------------------
---------------------------------------------------------------------------------
Finished Final Netlist Cleanup
---------------------------------------------------------------------------------
---------------------------------------------------------------------------------
Finished IO Insertion : Time (s): cpu = 00:01:54 ; elapsed = 00:01:58 . Memory (MB): peak = 713.133 ; gain = 455.191
---------------------------------------------------------------------------------

Report Check Netlist: 
+------+------------------+-------+---------+-------+------------------+
|      |Item              |Errors |Warnings |Status |Description       |
+------+------------------+-------+---------+-------+------------------+
|1     |multi_driven_nets |      0|        0|Passed |Multi driven nets |
+------+------------------+-------+---------+-------+------------------+
---------------------------------------------------------------------------------
Start Renaming Generated Instances
---------------------------------------------------------------------------------
---------------------------------------------------------------------------------
Finished Renaming Generated Instances : Time (s): cpu = 00:01:54 ; elapsed = 00:01:58 . Memory (MB): peak = 713.133 ; gain = 455.191
---------------------------------------------------------------------------------

Report RTL Partitions: 
+-+--------------+------------+----------+
| |RTL Partition |Replication |Instances |
+-+--------------+------------+----------+
+-+--------------+------------+----------+
---------------------------------------------------------------------------------
Start Rebuilding User Hierarchy
---------------------------------------------------------------------------------
---------------------------------------------------------------------------------
Finished Rebuilding User Hierarchy : Time (s): cpu = 00:01:54 ; elapsed = 00:01:58 . Memory (MB): peak = 713.133 ; gain = 455.191
---------------------------------------------------------------------------------
---------------------------------------------------------------------------------
Start Renaming Generated Ports
---------------------------------------------------------------------------------
---------------------------------------------------------------------------------
Finished Renaming Generated Ports : Time (s): cpu = 00:01:54 ; elapsed = 00:01:58 . Memory (MB): peak = 713.133 ; gain = 455.191
---------------------------------------------------------------------------------
---------------------------------------------------------------------------------
Start Handling Custom Attributes
---------------------------------------------------------------------------------
---------------------------------------------------------------------------------
Finished Handling Custom Attributes : Time (s): cpu = 00:01:54 ; elapsed = 00:01:58 . Memory (MB): peak = 713.133 ; gain = 455.191
---------------------------------------------------------------------------------
---------------------------------------------------------------------------------
Start Renaming Generated Nets
---------------------------------------------------------------------------------
---------------------------------------------------------------------------------
Finished Renaming Generated Nets : Time (s): cpu = 00:01:54 ; elapsed = 00:01:58 . Memory (MB): peak = 713.133 ; gain = 455.191
---------------------------------------------------------------------------------
---------------------------------------------------------------------------------
Start Writing Synthesis Report
---------------------------------------------------------------------------------

Report BlackBoxes: 
+------+--------------+----------+
|      |BlackBox name |Instances |
+------+--------------+----------+
|1     |frame_buffer  |         1|
+------+--------------+----------+

Report Cell Usage: 
+------+-------------+------+
|      |Cell         |Count |
+------+-------------+------+
|1     |frame_buffer |     1|
|2     |BUFG         |     4|
|3     |CARRY4       |    20|
|4     |LUT1         |    14|
|5     |LUT2         |    50|
|6     |LUT3         |    50|
|7     |LUT4         |    33|
|8     |LUT5         |    55|
|9     |LUT6         |   155|
|10    |MMCME2_ADV   |     1|
|11    |MUXF7        |    24|
|12    |RAMB18E1     |     1|
|13    |RAMB18E1_1   |     1|
|14    |FDCE         |    60|
|15    |FDPE         |     4|
|16    |FDRE         |   221|
|17    |FDSE         |    34|
|18    |IBUF         |    17|
|19    |OBUF         |    19|
|20    |OBUFT        |     1|
+------+-------------+------+

Report Instance Areas: 
+------+--------------------------+------------------+------+
|      |Instance                  |Module            |Cells |
+------+--------------------------+------------------+------+
|1     |top                       |                  |   776|
|2     |  my_Address_Generator    |Address_Generator |    27|
|3     |  my_VGA                  |VGA               |    99|
|4     |  my_clocking             |clocking          |     5|
|5     |    inst                  |clocking_clk_wiz  |     5|
|6     |  my_debounce             |debounce          |    37|
|7     |  my_draw_rect_char       |draw_rect_char    |   181|
|8     |    my_delay              |delay             |    76|
|9     |  my_filtering            |filtering         |    69|
|10    |  my_font_rom             |font_rom          |     7|
|11    |  my_ov7670_capture       |ov7670_capture    |    54|
|12    |  my_ov7670_controller    |ov7670_controller |   180|
|13    |    Inst_i2c_sender       |i2c_sender        |   144|
|14    |    Inst_ov7670_registers |ov7670_registers  |    34|
|15    |  my_resetlocked          |resetlocked       |    67|
+------+--------------------------+------------------+------+
---------------------------------------------------------------------------------
Finished Writing Synthesis Report : Time (s): cpu = 00:01:54 ; elapsed = 00:01:58 . Memory (MB): peak = 713.133 ; gain = 455.191
---------------------------------------------------------------------------------
Synthesis finished with 0 errors, 0 critical warnings and 77 warnings.
Synthesis Optimization Runtime : Time (s): cpu = 00:01:14 ; elapsed = 00:01:40 . Memory (MB): peak = 713.133 ; gain = 143.117
Synthesis Optimization Complete : Time (s): cpu = 00:01:54 ; elapsed = 00:01:59 . Memory (MB): peak = 713.133 ; gain = 455.191
INFO: [Project 1-571] Translating synthesized netlist
INFO: [Netlist 29-17] Analyzing 64 Unisim elements for replacement
INFO: [Netlist 29-28] Unisim Transformation completed in 0 CPU seconds
INFO: [Project 1-570] Preparing netlist for logic optimization
INFO: [Opt 31-138] Pushed 0 inverter(s) to 0 load pin(s).
INFO: [Project 1-111] Unisim Transformation Summary:
No Unisim elements were transformed.

INFO: [Common 17-83] Releasing license: Synthesis
80 Infos, 109 Warnings, 0 Critical Warnings and 0 Errors encountered.
synth_design completed successfully
synth_design: Time (s): cpu = 00:01:58 ; elapsed = 00:02:03 . Memory (MB): peak = 713.133 ; gain = 462.527
INFO: [Common 17-1381] The checkpoint 'C:/Users/Jerzy/Desktop/projekt_verilog/projekt_uec2/uec2_projekt/src/build/PROJEKT_UEC2.runs/synth_1/top_level.dcp' has been generated.
INFO: [runtcl-4] Executing : report_utilization -file top_level_utilization_synth.rpt -pb top_level_utilization_synth.pb
report_utilization: Time (s): cpu = 00:00:00 ; elapsed = 00:00:00.104 . Memory (MB): peak = 713.133 ; gain = 0.000
INFO: [Common 17-206] Exiting Vivado at Thu Sep  1 19:18:49 2022...
