Copyright 1986-2017 Xilinx, Inc. All Rights Reserved.
---------------------------------------------------------------------------------------------------------------------------------------------
| Tool Version : Vivado v.2017.3 (win64) Build 2018833 Wed Oct  4 19:58:22 MDT 2017
| Date         : Wed Aug 31 15:22:23 2022
| Host         : DESKTOP-E1S6T55 running 64-bit major release  (build 9200)
| Command      : report_timing_summary -file top_level_timing_summary_routed.rpt -warn_on_violation -rpx top_level_timing_summary_routed.rpx
| Design       : top_level
| Device       : 7a35t-cpg236
| Speed File   : -1  PRODUCTION 1.19 2017-08-11
---------------------------------------------------------------------------------------------------------------------------------------------

Timing Summary Report

------------------------------------------------------------------------------------------------
| Timer Settings
| --------------
------------------------------------------------------------------------------------------------

  Enable Multi Corner Analysis               :  Yes
  Enable Pessimism Removal                   :  Yes
  Pessimism Removal Resolution               :  Nearest Common Node
  Enable Input Delay Default Clock           :  No
  Enable Preset / Clear Arcs                 :  No
  Disable Flight Delays                      :  No
  Ignore I/O Paths                           :  No
  Timing Early Launch at Borrowing Latches   :  false

  Corner  Analyze    Analyze    
  Name    Max Paths  Min Paths  
  ------  ---------  ---------  
  Slow    Yes        Yes        
  Fast    Yes        Yes        



check_timing report

Table of Contents
-----------------
1. checking no_clock
2. checking constant_clock
3. checking pulse_width_clock
4. checking unconstrained_internal_endpoints
5. checking no_input_delay
6. checking no_output_delay
7. checking multiple_clock
8. checking generated_clocks
9. checking loops
10. checking partial_input_delay
11. checking partial_output_delay
12. checking latch_loops

1. checking no_clock
--------------------
 There are 90 register/latch pins with no clock driven by root clock pin: ov7670_pclk (HIGH)

 There are 12 register/latch pins with no clock driven by root clock pin: my_filtering/pcount_reg/Q (HIGH)


2. checking constant_clock
--------------------------
 There are 0 register/latch pins with constant_clock.


3. checking pulse_width_clock
-----------------------------
 There are 0 register/latch pins which need pulse_width check


4. checking unconstrained_internal_endpoints
--------------------------------------------
 There are 1031 pins that are not constrained for maximum delay. (HIGH)

 There are 0 pins that are not constrained for maximum delay due to constant clock.


5. checking no_input_delay
--------------------------
 There are 15 input ports with no input delay specified. (HIGH)

 There are 0 input ports with no input delay but user has a false path constraint.


6. checking no_output_delay
---------------------------
 There are 18 ports with no output delay specified. (HIGH)

 There are 0 ports with no output delay but user has a false path constraint

 There are 0 ports with no output delay but with a timing clock defined on it or propagating through it


7. checking multiple_clock
--------------------------
 There are 0 register/latch pins with multiple clocks.


8. checking generated_clocks
----------------------------
 There are 0 generated clocks that are not connected to a clock source.


9. checking loops
-----------------
 There are 0 combinational loops in the design.


10. checking partial_input_delay
--------------------------------
 There are 0 input ports with partial input delay specified.


11. checking partial_output_delay
---------------------------------
 There are 0 ports with partial output delay specified.


12. checking latch_loops
------------------------
 There are 0 combinational latch loops in the design through latch input



------------------------------------------------------------------------------------------------
| Design Timing Summary
| ---------------------
------------------------------------------------------------------------------------------------

    WNS(ns)      TNS(ns)  TNS Failing Endpoints  TNS Total Endpoints      WHS(ns)      THS(ns)  THS Failing Endpoints  THS Total Endpoints     WPWS(ns)     TPWS(ns)  TPWS Failing Endpoints  TPWS Total Endpoints  
    -------      -------  ---------------------  -------------------      -------      -------  ---------------------  -------------------     --------     --------  ----------------------  --------------------  
     13.421        0.000                      0                 1050        0.086        0.000                      0                 1050        3.000        0.000                       0                   226  


All user specified timing constraints are met.


------------------------------------------------------------------------------------------------
| Clock Summary
| -------------
------------------------------------------------------------------------------------------------

Clock                Waveform(ns)       Period(ns)      Frequency(MHz)
-----                ------------       ----------      --------------
sys_clk_pin          {0.000 5.000}      10.000          100.000         
  CLK_25_clocking    {0.000 20.000}     40.000          25.000          
  CLK_50_clocking    {0.000 10.000}     20.000          50.000          
  clkfbout_clocking  {0.000 5.000}      10.000          100.000         


------------------------------------------------------------------------------------------------
| Intra Clock Table
| -----------------
------------------------------------------------------------------------------------------------

Clock                    WNS(ns)      TNS(ns)  TNS Failing Endpoints  TNS Total Endpoints      WHS(ns)      THS(ns)  THS Failing Endpoints  THS Total Endpoints     WPWS(ns)     TPWS(ns)  TPWS Failing Endpoints  TPWS Total Endpoints  
-----                    -------      -------  ---------------------  -------------------      -------      -------  ---------------------  -------------------     --------     --------  ----------------------  --------------------  
sys_clk_pin                                                                                                                                                            3.000        0.000                       0                     1  
  CLK_25_clocking         32.982        0.000                      0                  803        0.137        0.000                      0                  803       19.500        0.000                       0                   127  
  CLK_50_clocking         13.421        0.000                      0                  230        0.086        0.000                      0                  230        9.500        0.000                       0                    95  
  clkfbout_clocking                                                                                                                                                    7.845        0.000                       0                     3  


------------------------------------------------------------------------------------------------
| Inter Clock Table
| -----------------
------------------------------------------------------------------------------------------------

From Clock       To Clock             WNS(ns)      TNS(ns)  TNS Failing Endpoints  TNS Total Endpoints      WHS(ns)      THS(ns)  THS Failing Endpoints  THS Total Endpoints  
----------       --------             -------      -------  ---------------------  -------------------      -------      -------  ---------------------  -------------------  
CLK_25_clocking  CLK_50_clocking       17.069        0.000                      0                   17        0.248        0.000                      0                   17  


------------------------------------------------------------------------------------------------
| Other Path Groups Table
| -----------------------
------------------------------------------------------------------------------------------------

Path Group    From Clock    To Clock          WNS(ns)      TNS(ns)  TNS Failing Endpoints  TNS Total Endpoints      WHS(ns)      THS(ns)  THS Failing Endpoints  THS Total Endpoints  
----------    ----------    --------          -------      -------  ---------------------  -------------------      -------      -------  ---------------------  -------------------  


------------------------------------------------------------------------------------------------
| Timing Details
| --------------
------------------------------------------------------------------------------------------------


---------------------------------------------------------------------------------------------------
From Clock:  sys_clk_pin
  To Clock:  sys_clk_pin

Setup :           NA  Failing Endpoints,  Worst Slack           NA  ,  Total Violation           NA
Hold  :           NA  Failing Endpoints,  Worst Slack           NA  ,  Total Violation           NA
PW    :            0  Failing Endpoints,  Worst Slack        3.000ns,  Total Violation        0.000ns
---------------------------------------------------------------------------------------------------


Pulse Width Checks
--------------------------------------------------------------------------------------
Clock Name:         sys_clk_pin
Waveform(ns):       { 0.000 5.000 }
Period(ns):         10.000
Sources:            { clk100 }

Check Type        Corner  Lib Pin            Reference Pin  Required(ns)  Actual(ns)  Slack(ns)  Location         Pin
Min Period        n/a     MMCME2_ADV/CLKIN1  n/a            1.249         10.000      8.751      MMCME2_ADV_X1Y0  my_clocking/inst/mmcm_adv_inst/CLKIN1
Max Period        n/a     MMCME2_ADV/CLKIN1  n/a            100.000       10.000      90.000     MMCME2_ADV_X1Y0  my_clocking/inst/mmcm_adv_inst/CLKIN1
Low Pulse Width   Fast    MMCME2_ADV/CLKIN1  n/a            2.000         5.000       3.000      MMCME2_ADV_X1Y0  my_clocking/inst/mmcm_adv_inst/CLKIN1
High Pulse Width  Slow    MMCME2_ADV/CLKIN1  n/a            2.000         5.000       3.000      MMCME2_ADV_X1Y0  my_clocking/inst/mmcm_adv_inst/CLKIN1



---------------------------------------------------------------------------------------------------
From Clock:  CLK_25_clocking
  To Clock:  CLK_25_clocking

Setup :            0  Failing Endpoints,  Worst Slack       32.982ns,  Total Violation        0.000ns
Hold  :            0  Failing Endpoints,  Worst Slack        0.137ns,  Total Violation        0.000ns
PW    :            0  Failing Endpoints,  Worst Slack       19.500ns,  Total Violation        0.000ns
---------------------------------------------------------------------------------------------------


Max Delay Paths
--------------------------------------------------------------------------------------
Slack (MET) :             32.982ns  (required time - arrival time)
  Source:                 my_Address_Generator/val_reg[16]/C
                            (rising edge-triggered cell FDRE clocked by CLK_25_clocking  {rise@0.000ns fall@20.000ns period=40.000ns})
  Destination:            my_frame_buffer/U0/inst_blk_mem_gen/gnbram.gnativebmg.native_blk_mem_gen/valid.cstr/ramloop[33].ram.r/prim_noinit.ram/DEVICE_7SERIES.NO_BMM_INFO.SDP.CASCADED_PRIM36.ram_B/ADDRBWRADDR[14]
                            (rising edge-triggered cell RAMB36E1 clocked by CLK_25_clocking  {rise@0.000ns fall@20.000ns period=40.000ns})
  Path Group:             CLK_25_clocking
  Path Type:              Setup (Max at Slow Process Corner)
  Requirement:            40.000ns  (CLK_25_clocking rise@40.000ns - CLK_25_clocking rise@0.000ns)
  Data Path Delay:        6.305ns  (logic 0.456ns (7.232%)  route 5.849ns (92.768%))
  Logic Levels:           0  
  Clock Path Skew:        -0.056ns (DCD - SCD + CPR)
    Destination Clock Delay (DCD):    -1.508ns = ( 38.492 - 40.000 ) 
    Source Clock Delay      (SCD):    -0.968ns
    Clock Pessimism Removal (CPR):    0.484ns
  Clock Uncertainty:      0.091ns  ((TSJ^2 + DJ^2)^1/2) / 2 + PE
    Total System Jitter     (TSJ):    0.071ns
    Discrete Jitter          (DJ):    0.168ns
    Phase Error              (PE):    0.000ns

    Location             Delay type                Incr(ns)  Path(ns)    Netlist Resource(s)
  -------------------------------------------------------------------    -------------------
                         (clock CLK_25_clocking rise edge)
                                                      0.000     0.000 r  
    W5                                                0.000     0.000 r  clk100 (IN)
                         net (fo=0)                   0.000     0.000    my_clocking/inst/clk100
    W5                   IBUF (Prop_ibuf_I_O)         1.458     1.458 r  my_clocking/inst/clkin1_ibufg/O
                         net (fo=1, routed)           1.233     2.691    my_clocking/inst/CLK_100_clocking
    MMCME2_ADV_X1Y0      MMCME2_ADV (Prop_mmcme2_adv_CLKIN1_CLKOUT1)
                                                     -6.961    -4.269 r  my_clocking/inst/mmcm_adv_inst/CLKOUT1
                         net (fo=1, routed)           1.661    -2.608    my_clocking/inst/CLK_25_clocking
    BUFGCTRL_X0Y0        BUFG (Prop_bufg_I_O)         0.096    -2.512 r  my_clocking/inst/clkout2_buf/O
                         net (fo=125, routed)         1.544    -0.968    my_Address_Generator/CLK_25
    SLICE_X35Y66         FDRE                                         r  my_Address_Generator/val_reg[16]/C
  -------------------------------------------------------------------    -------------------
    SLICE_X35Y66         FDRE (Prop_fdre_C_Q)         0.456    -0.512 r  my_Address_Generator/val_reg[16]/Q
                         net (fo=47, routed)          5.849     5.337    my_frame_buffer/U0/inst_blk_mem_gen/gnbram.gnativebmg.native_blk_mem_gen/valid.cstr/ramloop[33].ram.r/prim_noinit.ram/addrb[14]
    RAMB36_X2Y8          RAMB36E1                                     r  my_frame_buffer/U0/inst_blk_mem_gen/gnbram.gnativebmg.native_blk_mem_gen/valid.cstr/ramloop[33].ram.r/prim_noinit.ram/DEVICE_7SERIES.NO_BMM_INFO.SDP.CASCADED_PRIM36.ram_B/ADDRBWRADDR[14]
  -------------------------------------------------------------------    -------------------

                         (clock CLK_25_clocking rise edge)
                                                     40.000    40.000 r  
    W5                                                0.000    40.000 r  clk100 (IN)
                         net (fo=0)                   0.000    40.000    my_clocking/inst/clk100
    W5                   IBUF (Prop_ibuf_I_O)         1.388    41.388 r  my_clocking/inst/clkin1_ibufg/O
                         net (fo=1, routed)           1.162    42.550    my_clocking/inst/CLK_100_clocking
    MMCME2_ADV_X1Y0      MMCME2_ADV (Prop_mmcme2_adv_CLKIN1_CLKOUT1)
                                                     -7.217    35.332 r  my_clocking/inst/mmcm_adv_inst/CLKOUT1
                         net (fo=1, routed)           1.581    36.914    my_clocking/inst/CLK_25_clocking
    BUFGCTRL_X0Y0        BUFG (Prop_bufg_I_O)         0.091    37.005 r  my_clocking/inst/clkout2_buf/O
                         net (fo=125, routed)         1.488    38.492    my_frame_buffer/U0/inst_blk_mem_gen/gnbram.gnativebmg.native_blk_mem_gen/valid.cstr/ramloop[33].ram.r/prim_noinit.ram/clkb
    RAMB36_X2Y8          RAMB36E1                                     r  my_frame_buffer/U0/inst_blk_mem_gen/gnbram.gnativebmg.native_blk_mem_gen/valid.cstr/ramloop[33].ram.r/prim_noinit.ram/DEVICE_7SERIES.NO_BMM_INFO.SDP.CASCADED_PRIM36.ram_B/CLKBWRCLK
                         clock pessimism              0.484    38.976    
                         clock uncertainty           -0.091    38.885    
    RAMB36_X2Y8          RAMB36E1 (Setup_ramb36e1_CLKBWRCLK_ADDRBWRADDR[14])
                                                     -0.566    38.319    my_frame_buffer/U0/inst_blk_mem_gen/gnbram.gnativebmg.native_blk_mem_gen/valid.cstr/ramloop[33].ram.r/prim_noinit.ram/DEVICE_7SERIES.NO_BMM_INFO.SDP.CASCADED_PRIM36.ram_B
  -------------------------------------------------------------------
                         required time                         38.319    
                         arrival time                          -5.337    
  -------------------------------------------------------------------
                         slack                                 32.982    





Min Delay Paths
--------------------------------------------------------------------------------------
Slack (MET) :             0.137ns  (arrival time - required time)
  Source:                 my_Address_Generator/val_reg[9]/C
                            (rising edge-triggered cell FDRE clocked by CLK_25_clocking  {rise@0.000ns fall@20.000ns period=40.000ns})
  Destination:            my_frame_buffer/U0/inst_blk_mem_gen/gnbram.gnativebmg.native_blk_mem_gen/valid.cstr/ramloop[2].ram.r/prim_noinit.ram/DEVICE_7SERIES.NO_BMM_INFO.SDP.SIMPLE_PRIM36.ram/ADDRBWRADDR[10]
                            (rising edge-triggered cell RAMB36E1 clocked by CLK_25_clocking  {rise@0.000ns fall@20.000ns period=40.000ns})
  Path Group:             CLK_25_clocking
  Path Type:              Hold (Min at Fast Process Corner)
  Requirement:            0.000ns  (CLK_25_clocking rise@0.000ns - CLK_25_clocking rise@0.000ns)
  Data Path Delay:        0.628ns  (logic 0.141ns (22.458%)  route 0.487ns (77.542%))
  Logic Levels:           0  
  Clock Path Skew:        0.308ns (DCD - SCD - CPR)
    Destination Clock Delay (DCD):    -0.820ns
    Source Clock Delay      (SCD):    -0.625ns
    Clock Pessimism Removal (CPR):    -0.503ns

    Location             Delay type                Incr(ns)  Path(ns)    Netlist Resource(s)
  -------------------------------------------------------------------    -------------------
                         (clock CLK_25_clocking rise edge)
                                                      0.000     0.000 r  
    W5                                                0.000     0.000 r  clk100 (IN)
                         net (fo=0)                   0.000     0.000    my_clocking/inst/clk100
    W5                   IBUF (Prop_ibuf_I_O)         0.226     0.226 r  my_clocking/inst/clkin1_ibufg/O
                         net (fo=1, routed)           0.440     0.667    my_clocking/inst/CLK_100_clocking
    MMCME2_ADV_X1Y0      MMCME2_ADV (Prop_mmcme2_adv_CLKIN1_CLKOUT1)
                                                     -2.360    -1.693 r  my_clocking/inst/mmcm_adv_inst/CLKOUT1
                         net (fo=1, routed)           0.486    -1.207    my_clocking/inst/CLK_25_clocking
    BUFGCTRL_X0Y0        BUFG (Prop_bufg_I_O)         0.026    -1.181 r  my_clocking/inst/clkout2_buf/O
                         net (fo=125, routed)         0.556    -0.625    my_Address_Generator/CLK_25
    SLICE_X35Y64         FDRE                                         r  my_Address_Generator/val_reg[9]/C
  -------------------------------------------------------------------    -------------------
    SLICE_X35Y64         FDRE (Prop_fdre_C_Q)         0.141    -0.484 r  my_Address_Generator/val_reg[9]/Q
                         net (fo=45, routed)          0.487     0.003    my_frame_buffer/U0/inst_blk_mem_gen/gnbram.gnativebmg.native_blk_mem_gen/valid.cstr/ramloop[2].ram.r/prim_noinit.ram/addrb[7]
    RAMB36_X1Y13         RAMB36E1                                     r  my_frame_buffer/U0/inst_blk_mem_gen/gnbram.gnativebmg.native_blk_mem_gen/valid.cstr/ramloop[2].ram.r/prim_noinit.ram/DEVICE_7SERIES.NO_BMM_INFO.SDP.SIMPLE_PRIM36.ram/ADDRBWRADDR[10]
  -------------------------------------------------------------------    -------------------

                         (clock CLK_25_clocking rise edge)
                                                      0.000     0.000 r  
    W5                                                0.000     0.000 r  clk100 (IN)
                         net (fo=0)                   0.000     0.000    my_clocking/inst/clk100
    W5                   IBUF (Prop_ibuf_I_O)         0.414     0.414 r  my_clocking/inst/clkin1_ibufg/O
                         net (fo=1, routed)           0.480     0.894    my_clocking/inst/CLK_100_clocking
    MMCME2_ADV_X1Y0      MMCME2_ADV (Prop_mmcme2_adv_CLKIN1_CLKOUT1)
                                                     -3.142    -2.248 r  my_clocking/inst/mmcm_adv_inst/CLKOUT1
                         net (fo=1, routed)           0.530    -1.718    my_clocking/inst/CLK_25_clocking
    BUFGCTRL_X0Y0        BUFG (Prop_bufg_I_O)         0.029    -1.689 r  my_clocking/inst/clkout2_buf/O
                         net (fo=125, routed)         0.869    -0.820    my_frame_buffer/U0/inst_blk_mem_gen/gnbram.gnativebmg.native_blk_mem_gen/valid.cstr/ramloop[2].ram.r/prim_noinit.ram/clkb
    RAMB36_X1Y13         RAMB36E1                                     r  my_frame_buffer/U0/inst_blk_mem_gen/gnbram.gnativebmg.native_blk_mem_gen/valid.cstr/ramloop[2].ram.r/prim_noinit.ram/DEVICE_7SERIES.NO_BMM_INFO.SDP.SIMPLE_PRIM36.ram/CLKBWRCLK
                         clock pessimism              0.503    -0.317    
    RAMB36_X1Y13         RAMB36E1 (Hold_ramb36e1_CLKBWRCLK_ADDRBWRADDR[10])
                                                      0.183    -0.134    my_frame_buffer/U0/inst_blk_mem_gen/gnbram.gnativebmg.native_blk_mem_gen/valid.cstr/ramloop[2].ram.r/prim_noinit.ram/DEVICE_7SERIES.NO_BMM_INFO.SDP.SIMPLE_PRIM36.ram
  -------------------------------------------------------------------
                         required time                          0.134    
                         arrival time                           0.003    
  -------------------------------------------------------------------
                         slack                                  0.137    





Pulse Width Checks
--------------------------------------------------------------------------------------
Clock Name:         CLK_25_clocking
Waveform(ns):       { 0.000 20.000 }
Period(ns):         40.000
Sources:            { my_clocking/inst/mmcm_adv_inst/CLKOUT1 }

Check Type        Corner  Lib Pin             Reference Pin  Required(ns)  Actual(ns)  Slack(ns)  Location         Pin
Min Period        n/a     RAMB36E1/CLKBWRCLK  n/a            2.892         40.000      37.108     RAMB36_X2Y6      my_frame_buffer/U0/inst_blk_mem_gen/gnbram.gnativebmg.native_blk_mem_gen/valid.cstr/ramloop[32].ram.r/prim_noinit.ram/DEVICE_7SERIES.NO_BMM_INFO.SDP.CASCADED_PRIM36.ram_T/CLKBWRCLK
Max Period        n/a     MMCME2_ADV/CLKOUT1  n/a            213.360       40.000      173.360    MMCME2_ADV_X1Y0  my_clocking/inst/mmcm_adv_inst/CLKOUT1
Low Pulse Width   Slow    FDRE/C              n/a            0.500         20.000      19.500     SLICE_X35Y62     my_Address_Generator/val_reg[0]/C
High Pulse Width  Fast    FDRE/C              n/a            0.500         20.000      19.500     SLICE_X35Y62     my_Address_Generator/val_reg[0]/C



---------------------------------------------------------------------------------------------------
From Clock:  CLK_50_clocking
  To Clock:  CLK_50_clocking

Setup :            0  Failing Endpoints,  Worst Slack       13.421ns,  Total Violation        0.000ns
Hold  :            0  Failing Endpoints,  Worst Slack        0.086ns,  Total Violation        0.000ns
PW    :            0  Failing Endpoints,  Worst Slack        9.500ns,  Total Violation        0.000ns
---------------------------------------------------------------------------------------------------


Max Delay Paths
--------------------------------------------------------------------------------------
Slack (MET) :             13.421ns  (required time - arrival time)
  Source:                 my_ov7670_controller/Inst_ov7670_registers/sreg_reg/CLKARDCLK
                            (rising edge-triggered cell RAMB18E1 clocked by CLK_50_clocking  {rise@0.000ns fall@10.000ns period=20.000ns})
  Destination:            my_ov7670_controller/Inst_i2c_sender/data_sr_reg[12]/CE
                            (rising edge-triggered cell FDRE clocked by CLK_50_clocking  {rise@0.000ns fall@10.000ns period=20.000ns})
  Path Group:             CLK_50_clocking
  Path Type:              Setup (Max at Slow Process Corner)
  Requirement:            20.000ns  (CLK_50_clocking rise@20.000ns - CLK_50_clocking rise@0.000ns)
  Data Path Delay:        6.222ns  (logic 2.826ns (45.416%)  route 3.396ns (54.584%))
  Logic Levels:           3  (LUT4=1 LUT5=1 LUT6=1)
  Clock Path Skew:        -0.069ns (DCD - SCD + CPR)
    Destination Clock Delay (DCD):    -1.550ns = ( 18.450 - 20.000 ) 
    Source Clock Delay      (SCD):    -0.903ns
    Clock Pessimism Removal (CPR):    0.578ns
  Clock Uncertainty:      0.082ns  ((TSJ^2 + DJ^2)^1/2) / 2 + PE
    Total System Jitter     (TSJ):    0.071ns
    Discrete Jitter          (DJ):    0.147ns
    Phase Error              (PE):    0.000ns

    Location             Delay type                Incr(ns)  Path(ns)    Netlist Resource(s)
  -------------------------------------------------------------------    -------------------
                         (clock CLK_50_clocking rise edge)
                                                      0.000     0.000 r  
    W5                                                0.000     0.000 r  clk100 (IN)
                         net (fo=0)                   0.000     0.000    my_clocking/inst/clk100
    W5                   IBUF (Prop_ibuf_I_O)         1.458     1.458 r  my_clocking/inst/clkin1_ibufg/O
                         net (fo=1, routed)           1.233     2.691    my_clocking/inst/CLK_100_clocking
    MMCME2_ADV_X1Y0      MMCME2_ADV (Prop_mmcme2_adv_CLKIN1_CLKOUT0)
                                                     -6.961    -4.269 r  my_clocking/inst/mmcm_adv_inst/CLKOUT0
                         net (fo=1, routed)           1.661    -2.608    my_clocking/inst/CLK_50_clocking
    BUFGCTRL_X0Y1        BUFG (Prop_bufg_I_O)         0.096    -2.512 r  my_clocking/inst/clkout1_buf/O
                         net (fo=93, routed)          1.609    -0.903    my_ov7670_controller/Inst_ov7670_registers/CLK_50
    RAMB18_X0Y14         RAMB18E1                                     r  my_ov7670_controller/Inst_ov7670_registers/sreg_reg/CLKARDCLK
  -------------------------------------------------------------------    -------------------
    RAMB18_X0Y14         RAMB18E1 (Prop_ramb18e1_CLKARDCLK_DOADO[12])
                                                      2.454     1.551 f  my_ov7670_controller/Inst_ov7670_registers/sreg_reg/DOADO[12]
                         net (fo=2, routed)           1.044     2.595    my_ov7670_controller/Inst_ov7670_registers/DOADO[12]
    SLICE_X8Y36          LUT4 (Prop_lut4_I1_O)        0.124     2.719 r  my_ov7670_controller/Inst_ov7670_registers/config_finished_OBUF_inst_i_4/O
                         net (fo=3, routed)           0.691     3.410    my_ov7670_controller/Inst_ov7670_registers/config_finished_OBUF_inst_i_4_n_0
    SLICE_X8Y36          LUT5 (Prop_lut5_I1_O)        0.124     3.534 r  my_ov7670_controller/Inst_ov7670_registers/busy_sr[0]_i_2/O
                         net (fo=5, routed)           0.863     4.397    my_ov7670_controller/Inst_i2c_sender/p_1_in[0]
    SLICE_X5Y35          LUT6 (Prop_lut6_I5_O)        0.124     4.521 r  my_ov7670_controller/Inst_i2c_sender/busy_sr[0]_i_1/O
                         net (fo=63, routed)          0.799     5.319    my_ov7670_controller/Inst_i2c_sender/busy_sr0
    SLICE_X9Y35          FDRE                                         r  my_ov7670_controller/Inst_i2c_sender/data_sr_reg[12]/CE
  -------------------------------------------------------------------    -------------------

                         (clock CLK_50_clocking rise edge)
                                                     20.000    20.000 r  
    W5                                                0.000    20.000 r  clk100 (IN)
                         net (fo=0)                   0.000    20.000    my_clocking/inst/clk100
    W5                   IBUF (Prop_ibuf_I_O)         1.388    21.388 r  my_clocking/inst/clkin1_ibufg/O
                         net (fo=1, routed)           1.162    22.550    my_clocking/inst/CLK_100_clocking
    MMCME2_ADV_X1Y0      MMCME2_ADV (Prop_mmcme2_adv_CLKIN1_CLKOUT0)
                                                     -7.217    15.332 r  my_clocking/inst/mmcm_adv_inst/CLKOUT0
                         net (fo=1, routed)           1.581    16.914    my_clocking/inst/CLK_50_clocking
    BUFGCTRL_X0Y1        BUFG (Prop_bufg_I_O)         0.091    17.005 r  my_clocking/inst/clkout1_buf/O
                         net (fo=93, routed)          1.445    18.450    my_ov7670_controller/Inst_i2c_sender/CLK_50
    SLICE_X9Y35          FDRE                                         r  my_ov7670_controller/Inst_i2c_sender/data_sr_reg[12]/C
                         clock pessimism              0.578    19.027    
                         clock uncertainty           -0.082    18.946    
    SLICE_X9Y35          FDRE (Setup_fdre_C_CE)      -0.205    18.741    my_ov7670_controller/Inst_i2c_sender/data_sr_reg[12]
  -------------------------------------------------------------------
                         required time                         18.741    
                         arrival time                          -5.319    
  -------------------------------------------------------------------
                         slack                                 13.421    





Min Delay Paths
--------------------------------------------------------------------------------------
Slack (MET) :             0.086ns  (arrival time - required time)
  Source:                 my_ov7670_controller/Inst_ov7670_registers/address_reg_rep[1]/C
                            (rising edge-triggered cell FDRE clocked by CLK_50_clocking  {rise@0.000ns fall@10.000ns period=20.000ns})
  Destination:            my_ov7670_controller/Inst_ov7670_registers/sreg_reg/ADDRARDADDR[5]
                            (rising edge-triggered cell RAMB18E1 clocked by CLK_50_clocking  {rise@0.000ns fall@10.000ns period=20.000ns})
  Path Group:             CLK_50_clocking
  Path Type:              Hold (Min at Fast Process Corner)
  Requirement:            0.000ns  (CLK_50_clocking rise@0.000ns - CLK_50_clocking rise@0.000ns)
  Data Path Delay:        0.350ns  (logic 0.141ns (40.290%)  route 0.209ns (59.710%))
  Logic Levels:           0  
  Clock Path Skew:        0.080ns (DCD - SCD - CPR)
    Destination Clock Delay (DCD):    -0.813ns
    Source Clock Delay      (SCD):    -0.619ns
    Clock Pessimism Removal (CPR):    -0.274ns

    Location             Delay type                Incr(ns)  Path(ns)    Netlist Resource(s)
  -------------------------------------------------------------------    -------------------
                         (clock CLK_50_clocking rise edge)
                                                      0.000     0.000 r  
    W5                                                0.000     0.000 r  clk100 (IN)
                         net (fo=0)                   0.000     0.000    my_clocking/inst/clk100
    W5                   IBUF (Prop_ibuf_I_O)         0.226     0.226 r  my_clocking/inst/clkin1_ibufg/O
                         net (fo=1, routed)           0.440     0.667    my_clocking/inst/CLK_100_clocking
    MMCME2_ADV_X1Y0      MMCME2_ADV (Prop_mmcme2_adv_CLKIN1_CLKOUT0)
                                                     -2.360    -1.693 r  my_clocking/inst/mmcm_adv_inst/CLKOUT0
                         net (fo=1, routed)           0.486    -1.207    my_clocking/inst/CLK_50_clocking
    BUFGCTRL_X0Y1        BUFG (Prop_bufg_I_O)         0.026    -1.181 r  my_clocking/inst/clkout1_buf/O
                         net (fo=93, routed)          0.562    -0.619    my_ov7670_controller/Inst_ov7670_registers/CLK_50
    SLICE_X11Y36         FDRE                                         r  my_ov7670_controller/Inst_ov7670_registers/address_reg_rep[1]/C
  -------------------------------------------------------------------    -------------------
    SLICE_X11Y36         FDRE (Prop_fdre_C_Q)         0.141    -0.478 r  my_ov7670_controller/Inst_ov7670_registers/address_reg_rep[1]/Q
                         net (fo=1, routed)           0.209    -0.269    my_ov7670_controller/Inst_ov7670_registers/address[1]
    RAMB18_X0Y14         RAMB18E1                                     r  my_ov7670_controller/Inst_ov7670_registers/sreg_reg/ADDRARDADDR[5]
  -------------------------------------------------------------------    -------------------

                         (clock CLK_50_clocking rise edge)
                                                      0.000     0.000 r  
    W5                                                0.000     0.000 r  clk100 (IN)
                         net (fo=0)                   0.000     0.000    my_clocking/inst/clk100
    W5                   IBUF (Prop_ibuf_I_O)         0.414     0.414 r  my_clocking/inst/clkin1_ibufg/O
                         net (fo=1, routed)           0.480     0.894    my_clocking/inst/CLK_100_clocking
    MMCME2_ADV_X1Y0      MMCME2_ADV (Prop_mmcme2_adv_CLKIN1_CLKOUT0)
                                                     -3.142    -2.248 r  my_clocking/inst/mmcm_adv_inst/CLKOUT0
                         net (fo=1, routed)           0.530    -1.718    my_clocking/inst/CLK_50_clocking
    BUFGCTRL_X0Y1        BUFG (Prop_bufg_I_O)         0.029    -1.689 r  my_clocking/inst/clkout1_buf/O
                         net (fo=93, routed)          0.876    -0.813    my_ov7670_controller/Inst_ov7670_registers/CLK_50
    RAMB18_X0Y14         RAMB18E1                                     r  my_ov7670_controller/Inst_ov7670_registers/sreg_reg/CLKARDCLK
                         clock pessimism              0.274    -0.539    
    RAMB18_X0Y14         RAMB18E1 (Hold_ramb18e1_CLKARDCLK_ADDRARDADDR[5])
                                                      0.183    -0.356    my_ov7670_controller/Inst_ov7670_registers/sreg_reg
  -------------------------------------------------------------------
                         required time                          0.356    
                         arrival time                          -0.269    
  -------------------------------------------------------------------
                         slack                                  0.086    





Pulse Width Checks
--------------------------------------------------------------------------------------
Clock Name:         CLK_50_clocking
Waveform(ns):       { 0.000 10.000 }
Period(ns):         20.000
Sources:            { my_clocking/inst/mmcm_adv_inst/CLKOUT0 }

Check Type        Corner  Lib Pin             Reference Pin  Required(ns)  Actual(ns)  Slack(ns)  Location         Pin
Min Period        n/a     RAMB18E1/CLKARDCLK  n/a            2.576         20.000      17.424     RAMB18_X0Y14     my_ov7670_controller/Inst_ov7670_registers/sreg_reg/CLKARDCLK
Max Period        n/a     MMCME2_ADV/CLKOUT0  n/a            213.360       20.000      193.360    MMCME2_ADV_X1Y0  my_clocking/inst/mmcm_adv_inst/CLKOUT0
Low Pulse Width   Fast    FDSE/C              n/a            0.500         10.000      9.500      SLICE_X3Y36      my_ov7670_controller/Inst_i2c_sender/busy_sr_reg[10]/C
High Pulse Width  Slow    FDRE/C              n/a            0.500         10.000      9.500      SLICE_X6Y35      my_ov7670_controller/Inst_i2c_sender/busy_sr_reg[0]/C



---------------------------------------------------------------------------------------------------
From Clock:  clkfbout_clocking
  To Clock:  clkfbout_clocking

Setup :           NA  Failing Endpoints,  Worst Slack           NA  ,  Total Violation           NA
Hold  :           NA  Failing Endpoints,  Worst Slack           NA  ,  Total Violation           NA
PW    :            0  Failing Endpoints,  Worst Slack        7.845ns,  Total Violation        0.000ns
---------------------------------------------------------------------------------------------------


Pulse Width Checks
--------------------------------------------------------------------------------------
Clock Name:         clkfbout_clocking
Waveform(ns):       { 0.000 5.000 }
Period(ns):         10.000
Sources:            { my_clocking/inst/mmcm_adv_inst/CLKFBOUT }

Check Type  Corner  Lib Pin             Reference Pin  Required(ns)  Actual(ns)  Slack(ns)  Location         Pin
Min Period  n/a     BUFG/I              n/a            2.155         10.000      7.845      BUFGCTRL_X0Y3    my_clocking/inst/clkf_buf/I
Max Period  n/a     MMCME2_ADV/CLKFBIN  n/a            100.000       10.000      90.000     MMCME2_ADV_X1Y0  my_clocking/inst/mmcm_adv_inst/CLKFBIN



---------------------------------------------------------------------------------------------------
From Clock:  CLK_25_clocking
  To Clock:  CLK_50_clocking

Setup :            0  Failing Endpoints,  Worst Slack       17.069ns,  Total Violation        0.000ns
Hold  :            0  Failing Endpoints,  Worst Slack        0.248ns,  Total Violation        0.000ns
---------------------------------------------------------------------------------------------------


Max Delay Paths
--------------------------------------------------------------------------------------
Slack (MET) :             17.069ns  (required time - arrival time)
  Source:                 my_debounce/o_reg/C
                            (rising edge-triggered cell FDRE clocked by CLK_25_clocking  {rise@0.000ns fall@20.000ns period=40.000ns})
  Destination:            my_ov7670_controller/Inst_ov7670_registers/address_reg[0]/R
                            (rising edge-triggered cell FDRE clocked by CLK_50_clocking  {rise@0.000ns fall@10.000ns period=20.000ns})
  Path Group:             CLK_50_clocking
  Path Type:              Setup (Max at Slow Process Corner)
  Requirement:            20.000ns  (CLK_50_clocking rise@20.000ns - CLK_25_clocking rise@0.000ns)
  Data Path Delay:        2.024ns  (logic 0.456ns (22.530%)  route 1.568ns (77.470%))
  Logic Levels:           0  
  Clock Path Skew:        -0.267ns (DCD - SCD + CPR)
    Destination Clock Delay (DCD):    -1.549ns = ( 18.451 - 20.000 ) 
    Source Clock Delay      (SCD):    -0.884ns
    Clock Pessimism Removal (CPR):    0.398ns
  Clock Uncertainty:      0.211ns  ((TSJ^2 + DJ^2)^1/2) / 2 + PE
    Total System Jitter     (TSJ):    0.071ns
    Discrete Jitter          (DJ):    0.168ns
    Phase Error              (PE):    0.120ns

    Location             Delay type                Incr(ns)  Path(ns)    Netlist Resource(s)
  -------------------------------------------------------------------    -------------------
                         (clock CLK_25_clocking rise edge)
                                                      0.000     0.000 r  
    W5                                                0.000     0.000 r  clk100 (IN)
                         net (fo=0)                   0.000     0.000    my_clocking/inst/clk100
    W5                   IBUF (Prop_ibuf_I_O)         1.458     1.458 r  my_clocking/inst/clkin1_ibufg/O
                         net (fo=1, routed)           1.233     2.691    my_clocking/inst/CLK_100_clocking
    MMCME2_ADV_X1Y0      MMCME2_ADV (Prop_mmcme2_adv_CLKIN1_CLKOUT1)
                                                     -6.961    -4.269 r  my_clocking/inst/mmcm_adv_inst/CLKOUT1
                         net (fo=1, routed)           1.661    -2.608    my_clocking/inst/CLK_25_clocking
    BUFGCTRL_X0Y0        BUFG (Prop_bufg_I_O)         0.096    -2.512 r  my_clocking/inst/clkout2_buf/O
                         net (fo=125, routed)         1.628    -0.884    my_debounce/CLK_25
    SLICE_X5Y34          FDRE                                         r  my_debounce/o_reg/C
  -------------------------------------------------------------------    -------------------
    SLICE_X5Y34          FDRE (Prop_fdre_C_Q)         0.456    -0.428 r  my_debounce/o_reg/Q
                         net (fo=17, routed)          1.568     1.140    my_ov7670_controller/Inst_ov7670_registers/SR[0]
    SLICE_X11Y36         FDRE                                         r  my_ov7670_controller/Inst_ov7670_registers/address_reg[0]/R
  -------------------------------------------------------------------    -------------------

                         (clock CLK_50_clocking rise edge)
                                                     20.000    20.000 r  
    W5                                                0.000    20.000 r  clk100 (IN)
                         net (fo=0)                   0.000    20.000    my_clocking/inst/clk100
    W5                   IBUF (Prop_ibuf_I_O)         1.388    21.388 r  my_clocking/inst/clkin1_ibufg/O
                         net (fo=1, routed)           1.162    22.550    my_clocking/inst/CLK_100_clocking
    MMCME2_ADV_X1Y0      MMCME2_ADV (Prop_mmcme2_adv_CLKIN1_CLKOUT0)
                                                     -7.217    15.332 r  my_clocking/inst/mmcm_adv_inst/CLKOUT0
                         net (fo=1, routed)           1.581    16.914    my_clocking/inst/CLK_50_clocking
    BUFGCTRL_X0Y1        BUFG (Prop_bufg_I_O)         0.091    17.005 r  my_clocking/inst/clkout1_buf/O
                         net (fo=93, routed)          1.446    18.451    my_ov7670_controller/Inst_ov7670_registers/CLK_50
    SLICE_X11Y36         FDRE                                         r  my_ov7670_controller/Inst_ov7670_registers/address_reg[0]/C
                         clock pessimism              0.398    18.849    
                         clock uncertainty           -0.211    18.638    
    SLICE_X11Y36         FDRE (Setup_fdre_C_R)       -0.429    18.209    my_ov7670_controller/Inst_ov7670_registers/address_reg[0]
  -------------------------------------------------------------------
                         required time                         18.209    
                         arrival time                          -1.140    
  -------------------------------------------------------------------
                         slack                                 17.069    





Min Delay Paths
--------------------------------------------------------------------------------------
Slack (MET) :             0.248ns  (arrival time - required time)
  Source:                 my_debounce/o_reg/C
                            (rising edge-triggered cell FDRE clocked by CLK_25_clocking  {rise@0.000ns fall@20.000ns period=40.000ns})
  Destination:            my_ov7670_controller/Inst_ov7670_registers/my_ov7670_controller/Inst_ov7670_registers/sreg_reg_cooolgate_en_gate_101_cooolDelFlop/D
                            (rising edge-triggered cell FDCE clocked by CLK_50_clocking  {rise@0.000ns fall@10.000ns period=20.000ns})
  Path Group:             CLK_50_clocking
  Path Type:              Hold (Min at Fast Process Corner)
  Requirement:            0.000ns  (CLK_50_clocking rise@0.000ns - CLK_25_clocking rise@0.000ns)
  Data Path Delay:        0.808ns  (logic 0.141ns (17.460%)  route 0.667ns (82.540%))
  Logic Levels:           0  
  Clock Path Skew:        0.290ns (DCD - SCD - CPR)
    Destination Clock Delay (DCD):    -0.858ns
    Source Clock Delay      (SCD):    -0.592ns
    Clock Pessimism Removal (CPR):    -0.555ns
  Clock Uncertainty:      0.211ns  ((TSJ^2 + DJ^2)^1/2) / 2 + PE
    Total System Jitter     (TSJ):    0.071ns
    Discrete Jitter          (DJ):    0.168ns
    Phase Error              (PE):    0.120ns

    Location             Delay type                Incr(ns)  Path(ns)    Netlist Resource(s)
  -------------------------------------------------------------------    -------------------
                         (clock CLK_25_clocking rise edge)
                                                      0.000     0.000 r  
    W5                                                0.000     0.000 r  clk100 (IN)
                         net (fo=0)                   0.000     0.000    my_clocking/inst/clk100
    W5                   IBUF (Prop_ibuf_I_O)         0.226     0.226 r  my_clocking/inst/clkin1_ibufg/O
                         net (fo=1, routed)           0.440     0.667    my_clocking/inst/CLK_100_clocking
    MMCME2_ADV_X1Y0      MMCME2_ADV (Prop_mmcme2_adv_CLKIN1_CLKOUT1)
                                                     -2.360    -1.693 r  my_clocking/inst/mmcm_adv_inst/CLKOUT1
                         net (fo=1, routed)           0.486    -1.207    my_clocking/inst/CLK_25_clocking
    BUFGCTRL_X0Y0        BUFG (Prop_bufg_I_O)         0.026    -1.181 r  my_clocking/inst/clkout2_buf/O
                         net (fo=125, routed)         0.589    -0.592    my_debounce/CLK_25
    SLICE_X5Y34          FDRE                                         r  my_debounce/o_reg/C
  -------------------------------------------------------------------    -------------------
    SLICE_X5Y34          FDRE (Prop_fdre_C_Q)         0.141    -0.451 r  my_debounce/o_reg/Q
                         net (fo=17, routed)          0.667     0.215    my_ov7670_controller/Inst_ov7670_registers/SR[0]
    SLICE_X8Y37          FDCE                                         r  my_ov7670_controller/Inst_ov7670_registers/my_ov7670_controller/Inst_ov7670_registers/sreg_reg_cooolgate_en_gate_101_cooolDelFlop/D
  -------------------------------------------------------------------    -------------------

                         (clock CLK_50_clocking rise edge)
                                                      0.000     0.000 r  
    W5                                                0.000     0.000 r  clk100 (IN)
                         net (fo=0)                   0.000     0.000    my_clocking/inst/clk100
    W5                   IBUF (Prop_ibuf_I_O)         0.414     0.414 r  my_clocking/inst/clkin1_ibufg/O
                         net (fo=1, routed)           0.480     0.894    my_clocking/inst/CLK_100_clocking
    MMCME2_ADV_X1Y0      MMCME2_ADV (Prop_mmcme2_adv_CLKIN1_CLKOUT0)
                                                     -3.142    -2.248 r  my_clocking/inst/mmcm_adv_inst/CLKOUT0
                         net (fo=1, routed)           0.530    -1.718    my_clocking/inst/CLK_50_clocking
    BUFGCTRL_X0Y1        BUFG (Prop_bufg_I_O)         0.029    -1.689 r  my_clocking/inst/clkout1_buf/O
                         net (fo=93, routed)          0.832    -0.858    my_ov7670_controller/Inst_ov7670_registers/CLK_50
    SLICE_X8Y37          FDCE                                         r  my_ov7670_controller/Inst_ov7670_registers/my_ov7670_controller/Inst_ov7670_registers/sreg_reg_cooolgate_en_gate_101_cooolDelFlop/C
                         clock pessimism              0.555    -0.303    
                         clock uncertainty            0.211    -0.092    
    SLICE_X8Y37          FDCE (Hold_fdce_C_D)         0.059    -0.033    my_ov7670_controller/Inst_ov7670_registers/my_ov7670_controller/Inst_ov7670_registers/sreg_reg_cooolgate_en_gate_101_cooolDelFlop
  -------------------------------------------------------------------
                         required time                          0.033    
                         arrival time                           0.215    
  -------------------------------------------------------------------
                         slack                                  0.248    





